This file contains any messages produced by compilers while
running configure, to aid debugging if configure makes a mistake.

It was created by PostgreSQL configure 7.4.13, which was
generated by GNU Autoconf 2.53.  Invocation command line was

  $ ./configure --prefix=/home/mehdimu1/Documents/d43/a3/d43a3/pgsql/ --enable-depend

## --------- ##
## Platform. ##
## --------- ##

hostname = mehdimu1-EP45-DS3L
uname -m = x86_64
uname -r = 3.19.0-30-generic
uname -s = Linux
uname -v = #34~14.04.1-Ubuntu SMP Fri Oct 2 22:09:39 UTC 2015

/usr/bin/uname -p = unknown
/bin/uname -X     = unknown

/bin/arch              = unknown
/usr/bin/arch -k       = unknown
/usr/convex/getsysinfo = unknown
hostinfo               = unknown
/bin/machine           = unknown
/usr/bin/oslevel       = unknown
/bin/universe          = unknown

PATH: /usr/local/sbin
PATH: /usr/local/bin
PATH: /usr/sbin
PATH: /usr/bin
PATH: /sbin
PATH: /bin
PATH: /usr/games
PATH: /usr/local/games


## ----------- ##
## Core tests. ##
## ----------- ##

configure:1296: checking build system type
configure:1314: result: x86_64-unknown-linux-gnu
configure:1322: checking host system type
configure:1336: result: x86_64-unknown-linux-gnu
configure:1346: checking which template to use
configure:1446: result: linux
configure:1565: checking whether to build with 64-bit integer date/time support
configure:1596: result: no
configure:1603: checking whether NLS is wanted
configure:1637: result: no
configure:1645: checking for default port number
configure:1674: result: 5432
configure:1899: checking for gcc
configure:1915: found /usr/bin/gcc
configure:1925: result: gcc
configure:1944: checking for C compiler version
configure:1947: gcc --version </dev/null >&5
gcc (Ubuntu 4.8.4-2ubuntu1~14.04) 4.8.4
Copyright (C) 2013 Free Software Foundation, Inc.
This is free software; see the source for copying conditions.  There is NO
warranty; not even for MERCHANTABILITY or FITNESS FOR A PARTICULAR PURPOSE.

configure:1950: $? = 0
configure:1952: gcc -v </dev/null >&5
Using built-in specs.
COLLECT_GCC=gcc
COLLECT_LTO_WRAPPER=/usr/lib/gcc/x86_64-linux-gnu/4.8/lto-wrapper
Target: x86_64-linux-gnu
Configured with: ../src/configure -v --with-pkgversion='Ubuntu 4.8.4-2ubuntu1~14.04' --with-bugurl=file:///usr/share/doc/gcc-4.8/README.Bugs --enable-languages=c,c++,java,go,d,fortran,objc,obj-c++ --prefix=/usr --program-suffix=-4.8 --enable-shared --enable-linker-build-id --libexecdir=/usr/lib --without-included-gettext --enable-threads=posix --with-gxx-include-dir=/usr/include/c++/4.8 --libdir=/usr/lib --enable-nls --with-sysroot=/ --enable-clocale=gnu --enable-libstdcxx-debug --enable-libstdcxx-time=yes --enable-gnu-unique-object --disable-libmudflap --enable-plugin --with-system-zlib --disable-browser-plugin --enable-java-awt=gtk --enable-gtk-cairo --with-java-home=/usr/lib/jvm/java-1.5.0-gcj-4.8-amd64/jre --enable-java-home --with-jvm-root-dir=/usr/lib/jvm/java-1.5.0-gcj-4.8-amd64 --with-jvm-jar-dir=/usr/lib/jvm-exports/java-1.5.0-gcj-4.8-amd64 --with-arch-directory=amd64 --with-ecj-jar=/usr/share/java/eclipse-ecj.jar --enable-objc-gc --enable-multiarch --disable-werror --with-arch-32=i686 --with-abi=m64 --with-multilib-list=m32,m64,mx32 --with-tune=generic --enable-checking=release --build=x86_64-linux-gnu --host=x86_64-linux-gnu --target=x86_64-linux-gnu
Thread model: posix
gcc version 4.8.4 (Ubuntu 4.8.4-2ubuntu1~14.04) 
configure:1955: $? = 0
configure:1957: gcc -V </dev/null >&5
gcc: error: unrecognized command line option '-V'
gcc: fatal error: no input files
compilation terminated.
configure:1960: $? = 4
configure:1986: checking for C compiler default output
configure:1989: gcc    conftest.c  >&5
configure:1992: $? = 0
configure:2025: result: a.out
configure:2030: checking whether the C compiler works
configure:2036: ./a.out
configure:2039: $? = 0
configure:2054: result: yes
configure:2061: checking whether we are cross compiling
configure:2063: result: no
configure:2066: checking for suffix of executables
configure:2068: gcc -o conftest    conftest.c  >&5
configure:2071: $? = 0
configure:2093: result: 
configure:2099: checking for suffix of object files
configure:2123: gcc -c   conftest.c >&5
configure:2126: $? = 0
configure:2145: result: o
configure:2149: checking whether we are using the GNU C compiler
configure:2176: gcc -c   conftest.c >&5
configure:2179: $? = 0
configure:2182: test -s conftest.o
configure:2185: $? = 0
configure:2197: result: yes
configure:2203: checking whether gcc accepts -g
configure:2227: gcc -c -g  conftest.c >&5
configure:2230: $? = 0
configure:2233: test -s conftest.o
configure:2236: $? = 0
configure:2246: result: yes
configure:2273: gcc -c -g -O2  conftest.c >&5
conftest.c:2:3: error: unknown type name 'choke'
   choke me
   ^
conftest.c:2:3: error: expected '=', ',', ';', 'asm' or '__attribute__' at end of input
configure:2276: $? = 1
configure: failed program was:
#ifndef __cplusplus
  choke me
#endif
configure:2414: checking how to turn off strict aliasing in gcc
configure:2448: gcc -c -O2 -fno-strict-aliasing -D_GNU_SOURCE conftest.c >&5
configure:2451: $? = 0
configure:2454: test -s conftest.o
configure:2457: $? = 0
configure:2471: result: -fno-strict-aliasing
configure:2483: using CFLAGS=-O2 -fno-strict-aliasing
configure:2492: checking whether the C compiler still works
configure:2514: gcc -o conftest -O2 -fno-strict-aliasing -D_GNU_SOURCE  conftest.c  >&5
configure:2517: $? = 0
configure:2520: test -s conftest
configure:2523: $? = 0
configure:2525: result: yes
configure:2561: gcc -c -O2 -fno-strict-aliasing -D_GNU_SOURCE conftest.c >&5
configure:2564: $? = 0
configure:2567: test -s conftest.o
configure:2570: $? = 0
configure:2588: checking how to run the C preprocessor
configure:2614: gcc -E -D_GNU_SOURCE conftest.c
configure:2620: $? = 0
configure:2647: gcc -E -D_GNU_SOURCE conftest.c
configure:2643:28: fatal error: ac_nonexistent.h: No such file or directory
 #line $LINENO "configure"
                            ^
compilation terminated.
configure:2653: $? = 1
configure: failed program was:
#line 2642 "configure"
#include "confdefs.h"
#include <ac_nonexistent.h>
configure:2690: result: gcc -E
configure:2705: gcc -E -D_GNU_SOURCE conftest.c
configure:2711: $? = 0
configure:2738: gcc -E -D_GNU_SOURCE conftest.c
configure:2734:28: fatal error: ac_nonexistent.h: No such file or directory
 #line $LINENO "configure"
                            ^
compilation terminated.
configure:2744: $? = 1
configure: failed program was:
#line 2733 "configure"
#include "confdefs.h"
#include <ac_nonexistent.h>
configure:2900: checking allow thread-safe client libraries
configure:2931: result: no
configure:2938: checking whether to build with Tcl
configure:2966: result: no
configure:2971: checking whether to build with Tk
configure:3003: result: no
configure:3069: checking whether to build Perl modules
configure:3097: result: no
configure:3104: checking whether to build Python modules
configure:3132: result: no
configure:3139: checking whether to build Java/JDBC tools
configure:3277: result: no
configure:3287: checking whether to build with Kerberos 4 support
configure:3334: result: no
configure:3345: checking whether to build with Kerberos 5 support
configure:3392: result: no
configure:3450: checking whether to build with PAM support
configure:3482: result: no
configure:3490: checking whether to build with Rendezvous support
configure:3522: result: no
configure:3679: using CPPFLAGS=-D_GNU_SOURCE 
configure:3681: using LDFLAGS= 
configure:3689: checking for gawk
configure:3718: result: no
configure:3689: checking for mawk
configure:3705: found /usr/bin/mawk
configure:3715: result: mawk
configure:3725: checking for flex
configure:3764: result: no
configure:3781: WARNING:
*** Without Flex you will not be able to build PostgreSQL from CVS or
*** change any of the scanner definition files.  You can obtain Flex from
*** a GNU mirror site.  (If you are using the official distribution of
*** PostgreSQL then you do not need to worry about this because the Flex
*** output is pre-generated.)
configure:3799: checking whether ln -s works
configure:3803: result: yes
configure:3821: checking for ld used by GCC
configure:3884: result: /usr/bin/ld
configure:3893: checking if the linker (/usr/bin/ld) is GNU ld
GNU ld (GNU Binutils for Ubuntu) 2.24
configure:3905: result: yes
configure:4006: checking for ranlib
configure:4022: found /usr/bin/ranlib
configure:4033: result: ranlib
configure:4049: checking for lorder
configure:4065: found /usr/bin/lorder
configure:4075: result: lorder
configure:4087: checking for tar
configure:4105: found /bin/tar
configure:4117: result: /bin/tar
configure:4166: checking for strip
configure:4182: found /usr/bin/strip
configure:4193: result: strip
configure:4206: checking whether it is possible to strip libraries
configure:4211: result: yes
configure:4227: checking for bison
configure:4256: result: no
configure:4283: WARNING:
*** Without Bison you will not be able to build PostgreSQL from CVS or
*** change any of the parser definition files.  You can obtain Bison from
*** a GNU mirror site.  (If you are using the official distribution of
*** PostgreSQL then you do not need to worry about this because the Bison
*** output is pre-generated.)  To use a different yacc program (possible,
*** but not recommended), set the environment variable YACC before running
*** 'configure'.
configure:4297: checking for perl
configure:4315: found /usr/bin/perl
configure:4327: result: /usr/bin/perl
configure:4463: checking for main in -lbsd
configure:4490: gcc -o conftest -O2 -fno-strict-aliasing -D_GNU_SOURCE    conftest.c -lbsd   >&5
/usr/bin/ld: cannot find -lbsd
collect2: error: ld returned 1 exit status
configure:4493: $? = 1
configure: failed program was:
#line 4470 "configure"
#include "confdefs.h"


#ifdef F77_DUMMY_MAIN
#  ifdef __cplusplus
     extern "C"
#  endif
   int F77_DUMMY_MAIN() { return 1; }
#endif
int
main ()
{
main ();
  ;
  return 0;
}
configure:4510: result: no
configure:4523: checking for setproctitle in -lutil
configure:4556: gcc -o conftest -O2 -fno-strict-aliasing -D_GNU_SOURCE    conftest.c -lutil   >&5
/tmp/ccEC286x.o: In function `main':
conftest.c:(.text.startup+0x7): undefined reference to `setproctitle'
collect2: error: ld returned 1 exit status
configure:4559: $? = 1
configure: failed program was:
#line 4530 "configure"
#include "confdefs.h"

/* Override any gcc2 internal prototype to avoid an error.  */
#ifdef __cplusplus
extern "C"
#endif
/* We use char because int might match the return type of a gcc2
   builtin and then its argument prototype would still apply.  */
char setproctitle ();
#ifdef F77_DUMMY_MAIN
#  ifdef __cplusplus
     extern "C"
#  endif
   int F77_DUMMY_MAIN() { return 1; }
#endif
int
main ()
{
setproctitle ();
  ;
  return 0;
}
configure:4576: result: no
configure:4588: checking for main in -lm
configure:4615: gcc -o conftest -O2 -fno-strict-aliasing -D_GNU_SOURCE    conftest.c -lm   >&5
configure:4618: $? = 0
configure:4621: test -s conftest
configure:4624: $? = 0
configure:4635: result: yes
configure:4647: checking for main in -ldl
configure:4674: gcc -o conftest -O2 -fno-strict-aliasing -D_GNU_SOURCE    conftest.c -ldl  -lm  >&5
configure:4677: $? = 0
configure:4680: test -s conftest
configure:4683: $? = 0
configure:4694: result: yes
configure:4706: checking for main in -lnsl
configure:4733: gcc -o conftest -O2 -fno-strict-aliasing -D_GNU_SOURCE    conftest.c -lnsl  -ldl -lm  >&5
configure:4736: $? = 0
configure:4739: test -s conftest
configure:4742: $? = 0
configure:4753: result: yes
configure:4765: checking for main in -lsocket
configure:4792: gcc -o conftest -O2 -fno-strict-aliasing -D_GNU_SOURCE    conftest.c -lsocket  -lnsl -ldl -lm  >&5
/usr/bin/ld: cannot find -lsocket
collect2: error: ld returned 1 exit status
configure:4795: $? = 1
configure: failed program was:
#line 4772 "configure"
#include "confdefs.h"


#ifdef F77_DUMMY_MAIN
#  ifdef __cplusplus
     extern "C"
#  endif
   int F77_DUMMY_MAIN() { return 1; }
#endif
int
main ()
{
main ();
  ;
  return 0;
}
configure:4812: result: no
configure:4824: checking for main in -lipc
configure:4851: gcc -o conftest -O2 -fno-strict-aliasing -D_GNU_SOURCE    conftest.c -lipc  -lnsl -ldl -lm  >&5
/usr/bin/ld: cannot find -lipc
collect2: error: ld returned 1 exit status
configure:4854: $? = 1
configure: failed program was:
#line 4831 "configure"
#include "confdefs.h"


#ifdef F77_DUMMY_MAIN
#  ifdef __cplusplus
     extern "C"
#  endif
   int F77_DUMMY_MAIN() { return 1; }
#endif
int
main ()
{
main ();
  ;
  return 0;
}
configure:4871: result: no
configure:4883: checking for main in -lIPC
configure:4910: gcc -o conftest -O2 -fno-strict-aliasing -D_GNU_SOURCE    conftest.c -lIPC  -lnsl -ldl -lm  >&5
/usr/bin/ld: cannot find -lIPC
collect2: error: ld returned 1 exit status
configure:4913: $? = 1
configure: failed program was:
#line 4890 "configure"
#include "confdefs.h"


#ifdef F77_DUMMY_MAIN
#  ifdef __cplusplus
     extern "C"
#  endif
   int F77_DUMMY_MAIN() { return 1; }
#endif
int
main ()
{
main ();
  ;
  return 0;
}
configure:4930: result: no
configure:4942: checking for main in -llc
configure:4969: gcc -o conftest -O2 -fno-strict-aliasing -D_GNU_SOURCE    conftest.c -llc  -lnsl -ldl -lm  >&5
/usr/bin/ld: cannot find -llc
collect2: error: ld returned 1 exit status
configure:4972: $? = 1
configure: failed program was:
#line 4949 "configure"
#include "confdefs.h"


#ifdef F77_DUMMY_MAIN
#  ifdef __cplusplus
     extern "C"
#  endif
   int F77_DUMMY_MAIN() { return 1; }
#endif
int
main ()
{
main ();
  ;
  return 0;
}
configure:4989: result: no
configure:5001: checking for main in -ldld
configure:5028: gcc -o conftest -O2 -fno-strict-aliasing -D_GNU_SOURCE    conftest.c -ldld  -lnsl -ldl -lm  >&5
/usr/bin/ld: cannot find -ldld
collect2: error: ld returned 1 exit status
configure:5031: $? = 1
configure: failed program was:
#line 5008 "configure"
#include "confdefs.h"


#ifdef F77_DUMMY_MAIN
#  ifdef __cplusplus
     extern "C"
#  endif
   int F77_DUMMY_MAIN() { return 1; }
#endif
int
main ()
{
main ();
  ;
  return 0;
}
configure:5048: result: no
configure:5060: checking for main in -lld
configure:5087: gcc -o conftest -O2 -fno-strict-aliasing -D_GNU_SOURCE    conftest.c -lld  -lnsl -ldl -lm  >&5
/usr/bin/ld: cannot find -lld
collect2: error: ld returned 1 exit status
configure:5090: $? = 1
configure: failed program was:
#line 5067 "configure"
#include "confdefs.h"


#ifdef F77_DUMMY_MAIN
#  ifdef __cplusplus
     extern "C"
#  endif
   int F77_DUMMY_MAIN() { return 1; }
#endif
int
main ()
{
main ();
  ;
  return 0;
}
configure:5107: result: no
configure:5119: checking for main in -lcompat
configure:5146: gcc -o conftest -O2 -fno-strict-aliasing -D_GNU_SOURCE    conftest.c -lcompat  -lnsl -ldl -lm  >&5
/usr/bin/ld: cannot find -lcompat
collect2: error: ld returned 1 exit status
configure:5149: $? = 1
configure: failed program was:
#line 5126 "configure"
#include "confdefs.h"


#ifdef F77_DUMMY_MAIN
#  ifdef __cplusplus
     extern "C"
#  endif
   int F77_DUMMY_MAIN() { return 1; }
#endif
int
main ()
{
main ();
  ;
  return 0;
}
configure:5166: result: no
configure:5178: checking for main in -lBSD
configure:5205: gcc -o conftest -O2 -fno-strict-aliasing -D_GNU_SOURCE    conftest.c -lBSD  -lnsl -ldl -lm  >&5
/usr/bin/ld: cannot find -lBSD
collect2: error: ld returned 1 exit status
configure:5208: $? = 1
configure: failed program was:
#line 5185 "configure"
#include "confdefs.h"


#ifdef F77_DUMMY_MAIN
#  ifdef __cplusplus
     extern "C"
#  endif
   int F77_DUMMY_MAIN() { return 1; }
#endif
int
main ()
{
main ();
  ;
  return 0;
}
configure:5225: result: no
configure:5237: checking for main in -lgen
configure:5264: gcc -o conftest -O2 -fno-strict-aliasing -D_GNU_SOURCE    conftest.c -lgen  -lnsl -ldl -lm  >&5
/usr/bin/ld: cannot find -lgen
collect2: error: ld returned 1 exit status
configure:5267: $? = 1
configure: failed program was:
#line 5244 "configure"
#include "confdefs.h"


#ifdef F77_DUMMY_MAIN
#  ifdef __cplusplus
     extern "C"
#  endif
   int F77_DUMMY_MAIN() { return 1; }
#endif
int
main ()
{
main ();
  ;
  return 0;
}
configure:5284: result: no
configure:5296: checking for main in -lPW
configure:5323: gcc -o conftest -O2 -fno-strict-aliasing -D_GNU_SOURCE    conftest.c -lPW  -lnsl -ldl -lm  >&5
/usr/bin/ld: cannot find -lPW
collect2: error: ld returned 1 exit status
configure:5326: $? = 1
configure: failed program was:
#line 5303 "configure"
#include "confdefs.h"


#ifdef F77_DUMMY_MAIN
#  ifdef __cplusplus
     extern "C"
#  endif
   int F77_DUMMY_MAIN() { return 1; }
#endif
int
main ()
{
main ();
  ;
  return 0;
}
configure:5343: result: no
configure:5355: checking for main in -lresolv
configure:5382: gcc -o conftest -O2 -fno-strict-aliasing -D_GNU_SOURCE    conftest.c -lresolv  -lnsl -ldl -lm  >&5
configure:5385: $? = 0
configure:5388: test -s conftest
configure:5391: $? = 0
configure:5402: result: yes
configure:5413: checking for library containing getopt_long
configure:5446: gcc -o conftest -O2 -fno-strict-aliasing -D_GNU_SOURCE    conftest.c -lresolv -lnsl -ldl -lm  >&5
configure:5449: $? = 0
configure:5452: test -s conftest
configure:5455: $? = 0
configure:5514: result: none required
configure:5523: checking for main in -lunix
configure:5550: gcc -o conftest -O2 -fno-strict-aliasing -D_GNU_SOURCE    conftest.c -lunix  -lresolv -lnsl -ldl -lm  >&5
/usr/bin/ld: cannot find -lunix
collect2: error: ld returned 1 exit status
configure:5553: $? = 1
configure: failed program was:
#line 5530 "configure"
#include "confdefs.h"


#ifdef F77_DUMMY_MAIN
#  ifdef __cplusplus
     extern "C"
#  endif
   int F77_DUMMY_MAIN() { return 1; }
#endif
int
main ()
{
main ();
  ;
  return 0;
}
configure:5570: result: no
configure:5581: checking for library containing crypt
configure:5614: gcc -o conftest -O2 -fno-strict-aliasing -D_GNU_SOURCE    conftest.c -lresolv -lnsl -ldl -lm  >&5
/tmp/ccaHY4nl.o: In function `main':
conftest.c:(.text.startup+0x7): undefined reference to `crypt'
collect2: error: ld returned 1 exit status
configure:5617: $? = 1
configure: failed program was:
#line 5588 "configure"
#include "confdefs.h"

/* Override any gcc2 internal prototype to avoid an error.  */
#ifdef __cplusplus
extern "C"
#endif
/* We use char because int might match the return type of a gcc2
   builtin and then its argument prototype would still apply.  */
char crypt ();
#ifdef F77_DUMMY_MAIN
#  ifdef __cplusplus
     extern "C"
#  endif
   int F77_DUMMY_MAIN() { return 1; }
#endif
int
main ()
{
crypt ();
  ;
  return 0;
}
configure:5660: gcc -o conftest -O2 -fno-strict-aliasing -D_GNU_SOURCE    conftest.c -lcrypt  -lresolv -lnsl -ldl -lm  >&5
configure:5663: $? = 0
configure:5666: test -s conftest
configure:5669: $? = 0
configure:5682: result: -lcrypt
configure:5759: checking for library containing fdatasync
configure:5792: gcc -o conftest -O2 -fno-strict-aliasing -D_GNU_SOURCE    conftest.c -lcrypt -lresolv -lnsl -ldl -lm  >&5
configure:5795: $? = 0
configure:5798: test -s conftest
configure:5801: $? = 0
configure:5860: result: none required
configure:5869: checking for shmget in -lcygipc
configure:5902: gcc -o conftest -O2 -fno-strict-aliasing -D_GNU_SOURCE    conftest.c -lcygipc  -lcrypt -lresolv -lnsl -ldl -lm  >&5
/usr/bin/ld: cannot find -lcygipc
collect2: error: ld returned 1 exit status
configure:5905: $? = 1
configure: failed program was:
#line 5876 "configure"
#include "confdefs.h"

/* Override any gcc2 internal prototype to avoid an error.  */
#ifdef __cplusplus
extern "C"
#endif
/* We use char because int might match the return type of a gcc2
   builtin and then its argument prototype would still apply.  */
char shmget ();
#ifdef F77_DUMMY_MAIN
#  ifdef __cplusplus
     extern "C"
#  endif
   int F77_DUMMY_MAIN() { return 1; }
#endif
int
main ()
{
shmget ();
  ;
  return 0;
}
configure:5922: result: no
configure:5999: checking for readline
configure:6036: gcc -o conftest -O2 -fno-strict-aliasing -D_GNU_SOURCE    conftest.c -lreadline -lcrypt -lresolv -lnsl -ldl -lm  >&5
configure:6039: $? = 0
configure:6042: test -s conftest
configure:6045: $? = 0
configure:6079: result: yes (-lreadline)
configure:6100: checking for inflate in -lz
configure:6133: gcc -o conftest -O2 -fno-strict-aliasing -D_GNU_SOURCE    conftest.c -lz  -lreadline -lcrypt -lresolv -lnsl -ldl -lm  >&5
configure:6136: $? = 0
configure:6139: test -s conftest
configure:6142: $? = 0
configure:6153: result: yes
configure:6966: checking for ANSI C header files
configure:6980: gcc -E -D_GNU_SOURCE  conftest.c
configure:6986: $? = 0
configure:7073: gcc -o conftest -O2 -fno-strict-aliasing -D_GNU_SOURCE    conftest.c -lz -lreadline -lcrypt -lresolv -lnsl -ldl -lm  >&5
configure: In function 'main':
configure:7064:7: warning: incompatible implicit declaration of built-in function 'exit' [enabled by default]
   int i;
       ^
configure:7076: $? = 0
configure:7078: ./conftest
configure:7081: $? = 0
configure:7095: result: yes
configure:7119: checking for sys/types.h
configure:7132: gcc -c -O2 -fno-strict-aliasing -D_GNU_SOURCE  conftest.c >&5
configure:7135: $? = 0
configure:7138: test -s conftest.o
configure:7141: $? = 0
configure:7151: result: yes
configure:7119: checking for sys/stat.h
configure:7132: gcc -c -O2 -fno-strict-aliasing -D_GNU_SOURCE  conftest.c >&5
configure:7135: $? = 0
configure:7138: test -s conftest.o
configure:7141: $? = 0
configure:7151: result: yes
configure:7119: checking for stdlib.h
configure:7132: gcc -c -O2 -fno-strict-aliasing -D_GNU_SOURCE  conftest.c >&5
configure:7135: $? = 0
configure:7138: test -s conftest.o
configure:7141: $? = 0
configure:7151: result: yes
configure:7119: checking for string.h
configure:7132: gcc -c -O2 -fno-strict-aliasing -D_GNU_SOURCE  conftest.c >&5
configure:7135: $? = 0
configure:7138: test -s conftest.o
configure:7141: $? = 0
configure:7151: result: yes
configure:7119: checking for memory.h
configure:7132: gcc -c -O2 -fno-strict-aliasing -D_GNU_SOURCE  conftest.c >&5
configure:7135: $? = 0
configure:7138: test -s conftest.o
configure:7141: $? = 0
configure:7151: result: yes
configure:7119: checking for strings.h
configure:7132: gcc -c -O2 -fno-strict-aliasing -D_GNU_SOURCE  conftest.c >&5
configure:7135: $? = 0
configure:7138: test -s conftest.o
configure:7141: $? = 0
configure:7151: result: yes
configure:7119: checking for inttypes.h
configure:7132: gcc -c -O2 -fno-strict-aliasing -D_GNU_SOURCE  conftest.c >&5
configure:7135: $? = 0
configure:7138: test -s conftest.o
configure:7141: $? = 0
configure:7151: result: yes
configure:7119: checking for stdint.h
configure:7132: gcc -c -O2 -fno-strict-aliasing -D_GNU_SOURCE  conftest.c >&5
configure:7135: $? = 0
configure:7138: test -s conftest.o
configure:7141: $? = 0
configure:7151: result: yes
configure:7119: checking for unistd.h
configure:7132: gcc -c -O2 -fno-strict-aliasing -D_GNU_SOURCE  conftest.c >&5
configure:7135: $? = 0
configure:7138: test -s conftest.o
configure:7141: $? = 0
configure:7151: result: yes
configure:7197: checking crypt.h usability
configure:7206: gcc -c -O2 -fno-strict-aliasing -D_GNU_SOURCE  conftest.c >&5
configure:7209: $? = 0
configure:7212: test -s conftest.o
configure:7215: $? = 0
configure:7224: result: yes
configure:7228: checking crypt.h presence
configure:7235: gcc -E -D_GNU_SOURCE  conftest.c
configure:7241: $? = 0
configure:7259: result: yes
configure:7277: checking for crypt.h
configure:7284: result: yes
configure:7197: checking dld.h usability
configure:7206: gcc -c -O2 -fno-strict-aliasing -D_GNU_SOURCE  conftest.c >&5
configure:7234:17: fatal error: dld.h: No such file or directory
 _ACEOF
                 ^
compilation terminated.
configure:7209: $? = 1
configure: failed program was:
#line 7199 "configure"
#include "confdefs.h"
#include <stdio.h>
#if HAVE_SYS_TYPES_H
# include <sys/types.h>
#endif
#if HAVE_SYS_STAT_H
# include <sys/stat.h>
#endif
#if STDC_HEADERS
# include <stdlib.h>
# include <stddef.h>
#else
# if HAVE_STDLIB_H
#  include <stdlib.h>
# endif
#endif
#if HAVE_STRING_H
# if !STDC_HEADERS && HAVE_MEMORY_H
#  include <memory.h>
# endif
# include <string.h>
#endif
#if HAVE_STRINGS_H
# include <strings.h>
#endif
#if HAVE_INTTYPES_H
# include <inttypes.h>
#else
# if HAVE_STDINT_H
#  include <stdint.h>
# endif
#endif
#if HAVE_UNISTD_H
# include <unistd.h>
#endif
#include <dld.h>
configure:7224: result: no
configure:7228: checking dld.h presence
configure:7235: gcc -E -D_GNU_SOURCE  conftest.c
configure:7231:17: fatal error: dld.h: No such file or directory
 #line $LINENO "configure"
                 ^
compilation terminated.
configure:7241: $? = 1
configure: failed program was:
#line 7230 "configure"
#include "confdefs.h"
#include <dld.h>
configure:7259: result: no
configure:7277: checking for dld.h
configure:7284: result: no
configure:7197: checking endian.h usability
configure:7206: gcc -c -O2 -fno-strict-aliasing -D_GNU_SOURCE  conftest.c >&5
configure:7209: $? = 0
configure:7212: test -s conftest.o
configure:7215: $? = 0
configure:7224: result: yes
configure:7228: checking endian.h presence
configure:7235: gcc -E -D_GNU_SOURCE  conftest.c
configure:7241: $? = 0
configure:7259: result: yes
configure:7277: checking for endian.h
configure:7284: result: yes
configure:7197: checking fp_class.h usability
configure:7206: gcc -c -O2 -fno-strict-aliasing -D_GNU_SOURCE  conftest.c >&5
configure:7234:22: fatal error: fp_class.h: No such file or directory
 _ACEOF
                      ^
compilation terminated.
configure:7209: $? = 1
configure: failed program was:
#line 7199 "configure"
#include "confdefs.h"
#include <stdio.h>
#if HAVE_SYS_TYPES_H
# include <sys/types.h>
#endif
#if HAVE_SYS_STAT_H
# include <sys/stat.h>
#endif
#if STDC_HEADERS
# include <stdlib.h>
# include <stddef.h>
#else
# if HAVE_STDLIB_H
#  include <stdlib.h>
# endif
#endif
#if HAVE_STRING_H
# if !STDC_HEADERS && HAVE_MEMORY_H
#  include <memory.h>
# endif
# include <string.h>
#endif
#if HAVE_STRINGS_H
# include <strings.h>
#endif
#if HAVE_INTTYPES_H
# include <inttypes.h>
#else
# if HAVE_STDINT_H
#  include <stdint.h>
# endif
#endif
#if HAVE_UNISTD_H
# include <unistd.h>
#endif
#include <fp_class.h>
configure:7224: result: no
configure:7228: checking fp_class.h presence
configure:7235: gcc -E -D_GNU_SOURCE  conftest.c
configure:7231:22: fatal error: fp_class.h: No such file or directory
 #line $LINENO "configure"
                      ^
compilation terminated.
configure:7241: $? = 1
configure: failed program was:
#line 7230 "configure"
#include "confdefs.h"
#include <fp_class.h>
configure:7259: result: no
configure:7277: checking for fp_class.h
configure:7284: result: no
configure:7197: checking getopt.h usability
configure:7206: gcc -c -O2 -fno-strict-aliasing -D_GNU_SOURCE  conftest.c >&5
configure:7209: $? = 0
configure:7212: test -s conftest.o
configure:7215: $? = 0
configure:7224: result: yes
configure:7228: checking getopt.h presence
configure:7235: gcc -E -D_GNU_SOURCE  conftest.c
configure:7241: $? = 0
configure:7259: result: yes
configure:7277: checking for getopt.h
configure:7284: result: yes
configure:7197: checking ieeefp.h usability
configure:7206: gcc -c -O2 -fno-strict-aliasing -D_GNU_SOURCE  conftest.c >&5
configure:7234:20: fatal error: ieeefp.h: No such file or directory
 _ACEOF
                    ^
compilation terminated.
configure:7209: $? = 1
configure: failed program was:
#line 7199 "configure"
#include "confdefs.h"
#include <stdio.h>
#if HAVE_SYS_TYPES_H
# include <sys/types.h>
#endif
#if HAVE_SYS_STAT_H
# include <sys/stat.h>
#endif
#if STDC_HEADERS
# include <stdlib.h>
# include <stddef.h>
#else
# if HAVE_STDLIB_H
#  include <stdlib.h>
# endif
#endif
#if HAVE_STRING_H
# if !STDC_HEADERS && HAVE_MEMORY_H
#  include <memory.h>
# endif
# include <string.h>
#endif
#if HAVE_STRINGS_H
# include <strings.h>
#endif
#if HAVE_INTTYPES_H
# include <inttypes.h>
#else
# if HAVE_STDINT_H
#  include <stdint.h>
# endif
#endif
#if HAVE_UNISTD_H
# include <unistd.h>
#endif
#include <ieeefp.h>
configure:7224: result: no
configure:7228: checking ieeefp.h presence
configure:7235: gcc -E -D_GNU_SOURCE  conftest.c
configure:7231:20: fatal error: ieeefp.h: No such file or directory
 #line $LINENO "configure"
                    ^
compilation terminated.
configure:7241: $? = 1
configure: failed program was:
#line 7230 "configure"
#include "confdefs.h"
#include <ieeefp.h>
configure:7259: result: no
configure:7277: checking for ieeefp.h
configure:7284: result: no
configure:7197: checking poll.h usability
configure:7206: gcc -c -O2 -fno-strict-aliasing -D_GNU_SOURCE  conftest.c >&5
configure:7209: $? = 0
configure:7212: test -s conftest.o
configure:7215: $? = 0
configure:7224: result: yes
configure:7228: checking poll.h presence
configure:7235: gcc -E -D_GNU_SOURCE  conftest.c
configure:7241: $? = 0
configure:7259: result: yes
configure:7277: checking for poll.h
configure:7284: result: yes
configure:7197: checking pwd.h usability
configure:7206: gcc -c -O2 -fno-strict-aliasing -D_GNU_SOURCE  conftest.c >&5
configure:7209: $? = 0
configure:7212: test -s conftest.o
configure:7215: $? = 0
configure:7224: result: yes
configure:7228: checking pwd.h presence
configure:7235: gcc -E -D_GNU_SOURCE  conftest.c
configure:7241: $? = 0
configure:7259: result: yes
configure:7277: checking for pwd.h
configure:7284: result: yes
configure:7197: checking sys/ipc.h usability
configure:7206: gcc -c -O2 -fno-strict-aliasing -D_GNU_SOURCE  conftest.c >&5
configure:7209: $? = 0
configure:7212: test -s conftest.o
configure:7215: $? = 0
configure:7224: result: yes
configure:7228: checking sys/ipc.h presence
configure:7235: gcc -E -D_GNU_SOURCE  conftest.c
configure:7241: $? = 0
configure:7259: result: yes
configure:7277: checking for sys/ipc.h
configure:7284: result: yes
configure:7197: checking sys/poll.h usability
configure:7206: gcc -c -O2 -fno-strict-aliasing -D_GNU_SOURCE  conftest.c >&5
configure:7209: $? = 0
configure:7212: test -s conftest.o
configure:7215: $? = 0
configure:7224: result: yes
configure:7228: checking sys/poll.h presence
configure:7235: gcc -E -D_GNU_SOURCE  conftest.c
configure:7241: $? = 0
configure:7259: result: yes
configure:7277: checking for sys/poll.h
configure:7284: result: yes
configure:7197: checking sys/pstat.h usability
configure:7206: gcc -c -O2 -fno-strict-aliasing -D_GNU_SOURCE  conftest.c >&5
configure:7234:23: fatal error: sys/pstat.h: No such file or directory
 _ACEOF
                       ^
compilation terminated.
configure:7209: $? = 1
configure: failed program was:
#line 7199 "configure"
#include "confdefs.h"
#include <stdio.h>
#if HAVE_SYS_TYPES_H
# include <sys/types.h>
#endif
#if HAVE_SYS_STAT_H
# include <sys/stat.h>
#endif
#if STDC_HEADERS
# include <stdlib.h>
# include <stddef.h>
#else
# if HAVE_STDLIB_H
#  include <stdlib.h>
# endif
#endif
#if HAVE_STRING_H
# if !STDC_HEADERS && HAVE_MEMORY_H
#  include <memory.h>
# endif
# include <string.h>
#endif
#if HAVE_STRINGS_H
# include <strings.h>
#endif
#if HAVE_INTTYPES_H
# include <inttypes.h>
#else
# if HAVE_STDINT_H
#  include <stdint.h>
# endif
#endif
#if HAVE_UNISTD_H
# include <unistd.h>
#endif
#include <sys/pstat.h>
configure:7224: result: no
configure:7228: checking sys/pstat.h presence
configure:7235: gcc -E -D_GNU_SOURCE  conftest.c
configure:7231:23: fatal error: sys/pstat.h: No such file or directory
 #line $LINENO "configure"
                       ^
compilation terminated.
configure:7241: $? = 1
configure: failed program was:
#line 7230 "configure"
#include "confdefs.h"
#include <sys/pstat.h>
configure:7259: result: no
configure:7277: checking for sys/pstat.h
configure:7284: result: no
configure:7197: checking sys/select.h usability
configure:7206: gcc -c -O2 -fno-strict-aliasing -D_GNU_SOURCE  conftest.c >&5
configure:7209: $? = 0
configure:7212: test -s conftest.o
configure:7215: $? = 0
configure:7224: result: yes
configure:7228: checking sys/select.h presence
configure:7235: gcc -E -D_GNU_SOURCE  conftest.c
configure:7241: $? = 0
configure:7259: result: yes
configure:7277: checking for sys/select.h
configure:7284: result: yes
configure:7197: checking sys/sem.h usability
configure:7206: gcc -c -O2 -fno-strict-aliasing -D_GNU_SOURCE  conftest.c >&5
configure:7209: $? = 0
configure:7212: test -s conftest.o
configure:7215: $? = 0
configure:7224: result: yes
configure:7228: checking sys/sem.h presence
configure:7235: gcc -E -D_GNU_SOURCE  conftest.c
configure:7241: $? = 0
configure:7259: result: yes
configure:7277: checking for sys/sem.h
configure:7284: result: yes
configure:7197: checking sys/socket.h usability
configure:7206: gcc -c -O2 -fno-strict-aliasing -D_GNU_SOURCE  conftest.c >&5
configure:7209: $? = 0
configure:7212: test -s conftest.o
configure:7215: $? = 0
configure:7224: result: yes
configure:7228: checking sys/socket.h presence
configure:7235: gcc -E -D_GNU_SOURCE  conftest.c
configure:7241: $? = 0
configure:7259: result: yes
configure:7277: checking for sys/socket.h
configure:7284: result: yes
configure:7197: checking sys/shm.h usability
configure:7206: gcc -c -O2 -fno-strict-aliasing -D_GNU_SOURCE  conftest.c >&5
configure:7209: $? = 0
configure:7212: test -s conftest.o
configure:7215: $? = 0
configure:7224: result: yes
configure:7228: checking sys/shm.h presence
configure:7235: gcc -E -D_GNU_SOURCE  conftest.c
configure:7241: $? = 0
configure:7259: result: yes
configure:7277: checking for sys/shm.h
configure:7284: result: yes
configure:7197: checking sys/un.h usability
configure:7206: gcc -c -O2 -fno-strict-aliasing -D_GNU_SOURCE  conftest.c >&5
configure:7209: $? = 0
configure:7212: test -s conftest.o
configure:7215: $? = 0
configure:7224: result: yes
configure:7228: checking sys/un.h presence
configure:7235: gcc -E -D_GNU_SOURCE  conftest.c
configure:7241: $? = 0
configure:7259: result: yes
configure:7277: checking for sys/un.h
configure:7284: result: yes
configure:7197: checking termios.h usability
configure:7206: gcc -c -O2 -fno-strict-aliasing -D_GNU_SOURCE  conftest.c >&5
configure:7209: $? = 0
configure:7212: test -s conftest.o
configure:7215: $? = 0
configure:7224: result: yes
configure:7228: checking termios.h presence
configure:7235: gcc -E -D_GNU_SOURCE  conftest.c
configure:7241: $? = 0
configure:7259: result: yes
configure:7277: checking for termios.h
configure:7284: result: yes
configure:7197: checking utime.h usability
configure:7206: gcc -c -O2 -fno-strict-aliasing -D_GNU_SOURCE  conftest.c >&5
configure:7209: $? = 0
configure:7212: test -s conftest.o
configure:7215: $? = 0
configure:7224: result: yes
configure:7228: checking utime.h presence
configure:7235: gcc -E -D_GNU_SOURCE  conftest.c
configure:7241: $? = 0
configure:7259: result: yes
configure:7277: checking for utime.h
configure:7284: result: yes
configure:7197: checking kernel/OS.h usability
configure:7206: gcc -c -O2 -fno-strict-aliasing -D_GNU_SOURCE  conftest.c >&5
configure:7234:23: fatal error: kernel/OS.h: No such file or directory
 _ACEOF
                       ^
compilation terminated.
configure:7209: $? = 1
configure: failed program was:
#line 7199 "configure"
#include "confdefs.h"
#include <stdio.h>
#if HAVE_SYS_TYPES_H
# include <sys/types.h>
#endif
#if HAVE_SYS_STAT_H
# include <sys/stat.h>
#endif
#if STDC_HEADERS
# include <stdlib.h>
# include <stddef.h>
#else
# if HAVE_STDLIB_H
#  include <stdlib.h>
# endif
#endif
#if HAVE_STRING_H
# if !STDC_HEADERS && HAVE_MEMORY_H
#  include <memory.h>
# endif
# include <string.h>
#endif
#if HAVE_STRINGS_H
# include <strings.h>
#endif
#if HAVE_INTTYPES_H
# include <inttypes.h>
#else
# if HAVE_STDINT_H
#  include <stdint.h>
# endif
#endif
#if HAVE_UNISTD_H
# include <unistd.h>
#endif
#include <kernel/OS.h>
configure:7224: result: no
configure:7228: checking kernel/OS.h presence
configure:7235: gcc -E -D_GNU_SOURCE  conftest.c
configure:7231:23: fatal error: kernel/OS.h: No such file or directory
 #line $LINENO "configure"
                       ^
compilation terminated.
configure:7241: $? = 1
configure: failed program was:
#line 7230 "configure"
#include "confdefs.h"
#include <kernel/OS.h>
configure:7259: result: no
configure:7277: checking for kernel/OS.h
configure:7284: result: no
configure:7197: checking kernel/image.h usability
configure:7206: gcc -c -O2 -fno-strict-aliasing -D_GNU_SOURCE  conftest.c >&5
configure:7234:26: fatal error: kernel/image.h: No such file or directory
 _ACEOF
                          ^
compilation terminated.
configure:7209: $? = 1
configure: failed program was:
#line 7199 "configure"
#include "confdefs.h"
#include <stdio.h>
#if HAVE_SYS_TYPES_H
# include <sys/types.h>
#endif
#if HAVE_SYS_STAT_H
# include <sys/stat.h>
#endif
#if STDC_HEADERS
# include <stdlib.h>
# include <stddef.h>
#else
# if HAVE_STDLIB_H
#  include <stdlib.h>
# endif
#endif
#if HAVE_STRING_H
# if !STDC_HEADERS && HAVE_MEMORY_H
#  include <memory.h>
# endif
# include <string.h>
#endif
#if HAVE_STRINGS_H
# include <strings.h>
#endif
#if HAVE_INTTYPES_H
# include <inttypes.h>
#else
# if HAVE_STDINT_H
#  include <stdint.h>
# endif
#endif
#if HAVE_UNISTD_H
# include <unistd.h>
#endif
#include <kernel/image.h>
configure:7224: result: no
configure:7228: checking kernel/image.h presence
configure:7235: gcc -E -D_GNU_SOURCE  conftest.c
configure:7231:26: fatal error: kernel/image.h: No such file or directory
 #line $LINENO "configure"
                          ^
compilation terminated.
configure:7241: $? = 1
configure: failed program was:
#line 7230 "configure"
#include "confdefs.h"
#include <kernel/image.h>
configure:7259: result: no
configure:7277: checking for kernel/image.h
configure:7284: result: no
configure:7197: checking SupportDefs.h usability
configure:7206: gcc -c -O2 -fno-strict-aliasing -D_GNU_SOURCE  conftest.c >&5
configure:7234:25: fatal error: SupportDefs.h: No such file or directory
 _ACEOF
                         ^
compilation terminated.
configure:7209: $? = 1
configure: failed program was:
#line 7199 "configure"
#include "confdefs.h"
#include <stdio.h>
#if HAVE_SYS_TYPES_H
# include <sys/types.h>
#endif
#if HAVE_SYS_STAT_H
# include <sys/stat.h>
#endif
#if STDC_HEADERS
# include <stdlib.h>
# include <stddef.h>
#else
# if HAVE_STDLIB_H
#  include <stdlib.h>
# endif
#endif
#if HAVE_STRING_H
# if !STDC_HEADERS && HAVE_MEMORY_H
#  include <memory.h>
# endif
# include <string.h>
#endif
#if HAVE_STRINGS_H
# include <strings.h>
#endif
#if HAVE_INTTYPES_H
# include <inttypes.h>
#else
# if HAVE_STDINT_H
#  include <stdint.h>
# endif
#endif
#if HAVE_UNISTD_H
# include <unistd.h>
#endif
#include <SupportDefs.h>
configure:7224: result: no
configure:7228: checking SupportDefs.h presence
configure:7235: gcc -E -D_GNU_SOURCE  conftest.c
configure:7231:25: fatal error: SupportDefs.h: No such file or directory
 #line $LINENO "configure"
                         ^
compilation terminated.
configure:7241: $? = 1
configure: failed program was:
#line 7230 "configure"
#include "confdefs.h"
#include <SupportDefs.h>
configure:7259: result: no
configure:7277: checking for SupportDefs.h
configure:7284: result: no
configure:7314: checking netinet/in.h usability
configure:7323: gcc -c -O2 -fno-strict-aliasing -D_GNU_SOURCE  conftest.c >&5
configure:7326: $? = 0
configure:7329: test -s conftest.o
configure:7332: $? = 0
configure:7341: result: yes
configure:7345: checking netinet/in.h presence
configure:7352: gcc -E -D_GNU_SOURCE  conftest.c
configure:7358: $? = 0
configure:7376: result: yes
configure:7394: checking for netinet/in.h
configure:7401: result: yes
configure:7418: checking for netinet/tcp.h
configure:7435: gcc -c -O2 -fno-strict-aliasing -D_GNU_SOURCE  conftest.c >&5
configure:7438: $? = 0
configure:7441: test -s conftest.o
configure:7444: $? = 0
configure:7454: result: yes
configure:7481: checking readline/readline.h usability
configure:7490: gcc -c -O2 -fno-strict-aliasing -D_GNU_SOURCE  conftest.c >&5
configure:7493: $? = 0
configure:7496: test -s conftest.o
configure:7499: $? = 0
configure:7508: result: yes
configure:7512: checking readline/readline.h presence
configure:7519: gcc -E -D_GNU_SOURCE  conftest.c
configure:7525: $? = 0
configure:7543: result: yes
configure:7561: checking for readline/readline.h
configure:7568: result: yes
configure:7835: checking readline/history.h usability
configure:7844: gcc -c -O2 -fno-strict-aliasing -D_GNU_SOURCE  conftest.c >&5
configure:7847: $? = 0
configure:7850: test -s conftest.o
configure:7853: $? = 0
configure:7862: result: yes
configure:7866: checking readline/history.h presence
configure:7873: gcc -E -D_GNU_SOURCE  conftest.c
configure:7879: $? = 0
configure:7897: result: yes
configure:7915: checking for readline/history.h
configure:7922: result: yes
configure:8188: checking zlib.h usability
configure:8197: gcc -c -O2 -fno-strict-aliasing -D_GNU_SOURCE  conftest.c >&5
configure:8200: $? = 0
configure:8203: test -s conftest.o
configure:8206: $? = 0
configure:8215: result: yes
configure:8219: checking zlib.h presence
configure:8226: gcc -E -D_GNU_SOURCE  conftest.c
configure:8232: $? = 0
configure:8250: result: yes
configure:8268: checking for zlib.h
configure:8275: result: yes
configure:9210: checking for an ANSI C-conforming const
configure:9280: gcc -c -O2 -fno-strict-aliasing -D_GNU_SOURCE  conftest.c >&5
configure:9283: $? = 0
configure:9286: test -s conftest.o
configure:9289: $? = 0
configure:9299: result: yes
configure:9309: checking for inline
configure:9327: gcc -c -O2 -fno-strict-aliasing -D_GNU_SOURCE  conftest.c >&5
configure:9330: $? = 0
configure:9333: test -s conftest.o
configure:9336: $? = 0
configure:9347: result: inline
configure:9362: checking for preprocessor stringizing operator
configure:9383: result: yes
configure:9393: checking for signed types
configure:9417: gcc -c -O2 -fno-strict-aliasing -D_GNU_SOURCE  conftest.c >&5
configure:9420: $? = 0
configure:9423: test -s conftest.o
configure:9426: $? = 0
configure:9436: result: yes
configure:9445: checking for working volatile
configure:9471: gcc -c -O2 -fno-strict-aliasing -D_GNU_SOURCE  conftest.c >&5
configure:9474: $? = 0
configure:9477: test -s conftest.o
configure:9480: $? = 0
configure:9490: result: yes
configure:9500: checking for __func__
configure:9524: gcc -c -O2 -fno-strict-aliasing -D_GNU_SOURCE  conftest.c >&5
configure:9527: $? = 0
configure:9530: test -s conftest.o
configure:9533: $? = 0
configure:9543: result: yes
configure:9605: checking whether struct tm is in sys/time.h or time.h
configure:9631: gcc -c -O2 -fno-strict-aliasing -D_GNU_SOURCE  conftest.c >&5
configure:9634: $? = 0
configure:9637: test -s conftest.o
configure:9640: $? = 0
configure:9650: result: time.h
configure:9660: checking for struct tm.tm_zone
configure:9689: gcc -c -O2 -fno-strict-aliasing -D_GNU_SOURCE  conftest.c >&5
configure:9692: $? = 0
configure:9695: test -s conftest.o
configure:9698: $? = 0
configure:9708: result: yes
configure:9726: checking for tzname
configure:9754: gcc -o conftest -O2 -fno-strict-aliasing -D_GNU_SOURCE    conftest.c -lz -lreadline -lcrypt -lresolv -lnsl -ldl -lm  >&5
configure:9757: $? = 0
configure:9760: test -s conftest
configure:9763: $? = 0
configure:9773: result: yes
configure:9783: checking for union semun
configure:9813: gcc -c -O2 -fno-strict-aliasing -D_GNU_SOURCE  conftest.c >&5
configure: In function 'main':
configure:9804:13: error: invalid application of 'sizeof' to incomplete type 'union semun'
 if ((union semun *) 0)
             ^
configure:9816: $? = 1
configure: failed program was:
#line 9788 "configure"
#include "confdefs.h"
#include <sys/types.h>
#include <sys/ipc.h>
#include <sys/sem.h>

#ifdef F77_DUMMY_MAIN
#  ifdef __cplusplus
     extern "C"
#  endif
   int F77_DUMMY_MAIN() { return 1; }
#endif
int
main ()
{
if ((union semun *) 0)
  return 0;
if (sizeof (union semun))
  return 0;
  ;
  return 0;
}
configure:9832: result: no
configure:9843: checking for struct sockaddr_un
configure:9875: gcc -c -O2 -fno-strict-aliasing -D_GNU_SOURCE  conftest.c >&5
configure:9878: $? = 0
configure:9881: test -s conftest.o
configure:9884: $? = 0
configure:9894: result: yes
configure:9909: checking for struct sockaddr_storage
configure:9941: gcc -c -O2 -fno-strict-aliasing -D_GNU_SOURCE  conftest.c >&5
configure:9944: $? = 0
configure:9947: test -s conftest.o
configure:9950: $? = 0
configure:9960: result: yes
configure:9971: checking for struct sockaddr_storage.ss_family
configure:10002: gcc -c -O2 -fno-strict-aliasing -D_GNU_SOURCE  conftest.c >&5
configure:10005: $? = 0
configure:10008: test -s conftest.o
configure:10011: $? = 0
configure:10021: result: yes
configure:10031: checking for struct sockaddr_storage.__ss_family
configure:10062: gcc -c -O2 -fno-strict-aliasing -D_GNU_SOURCE  conftest.c >&5
configure: In function 'main':
configure:10053:12: error: 'struct sockaddr_storage' has no member named '__ss_family'
 {
            ^
configure:10065: $? = 1
configure: failed program was:
#line 10036 "configure"
#include "confdefs.h"
#include <sys/types.h>
#ifdef HAVE_SYS_SOCKET_H
#include <sys/socket.h>
#endif


#ifdef F77_DUMMY_MAIN
#  ifdef __cplusplus
     extern "C"
#  endif
   int F77_DUMMY_MAIN() { return 1; }
#endif
int
main ()
{
static struct sockaddr_storage ac_aggr;
if (ac_aggr.__ss_family)
return 0;
  ;
  return 0;
}
configure:10081: result: no
configure:10091: checking for struct sockaddr_storage.ss_len
configure:10122: gcc -c -O2 -fno-strict-aliasing -D_GNU_SOURCE  conftest.c >&5
configure: In function 'main':
configure:10113:12: error: 'struct sockaddr_storage' has no member named 'ss_len'
 {
            ^
configure:10125: $? = 1
configure: failed program was:
#line 10096 "configure"
#include "confdefs.h"
#include <sys/types.h>
#ifdef HAVE_SYS_SOCKET_H
#include <sys/socket.h>
#endif


#ifdef F77_DUMMY_MAIN
#  ifdef __cplusplus
     extern "C"
#  endif
   int F77_DUMMY_MAIN() { return 1; }
#endif
int
main ()
{
static struct sockaddr_storage ac_aggr;
if (ac_aggr.ss_len)
return 0;
  ;
  return 0;
}
configure:10141: result: no
configure:10151: checking for struct sockaddr_storage.__ss_len
configure:10182: gcc -c -O2 -fno-strict-aliasing -D_GNU_SOURCE  conftest.c >&5
configure: In function 'main':
configure:10173:12: error: 'struct sockaddr_storage' has no member named '__ss_len'
 {
            ^
configure:10185: $? = 1
configure: failed program was:
#line 10156 "configure"
#include "confdefs.h"
#include <sys/types.h>
#ifdef HAVE_SYS_SOCKET_H
#include <sys/socket.h>
#endif


#ifdef F77_DUMMY_MAIN
#  ifdef __cplusplus
     extern "C"
#  endif
   int F77_DUMMY_MAIN() { return 1; }
#endif
int
main ()
{
static struct sockaddr_storage ac_aggr;
if (ac_aggr.__ss_len)
return 0;
  ;
  return 0;
}
configure:10201: result: no
configure:10211: checking for struct sockaddr.sa_len
configure:10242: gcc -c -O2 -fno-strict-aliasing -D_GNU_SOURCE  conftest.c >&5
configure: In function 'main':
configure:10233:12: error: 'struct sockaddr' has no member named 'sa_len'
 {
            ^
configure:10245: $? = 1
configure: failed program was:
#line 10216 "configure"
#include "confdefs.h"
#include <sys/types.h>
#ifdef HAVE_SYS_SOCKET_H
#include <sys/socket.h>
#endif


#ifdef F77_DUMMY_MAIN
#  ifdef __cplusplus
     extern "C"
#  endif
   int F77_DUMMY_MAIN() { return 1; }
#endif
int
main ()
{
static struct sockaddr ac_aggr;
if (ac_aggr.sa_len)
return 0;
  ;
  return 0;
}
configure:10261: result: no
configure:10272: checking for struct addrinfo
configure:10303: gcc -c -O2 -fno-strict-aliasing -D_GNU_SOURCE  conftest.c >&5
configure:10306: $? = 0
configure:10309: test -s conftest.o
configure:10312: $? = 0
configure:10322: result: yes
configure:10334: checking for struct cmsgcred
configure:10365: gcc -c -O2 -fno-strict-aliasing -D_GNU_SOURCE  conftest.c >&5
configure:10343:23: fatal error: sys/ucred.h: No such file or directory
 #include <sys/types.h>
                       ^
compilation terminated.
configure:10368: $? = 1
configure: failed program was:
#line 10339 "configure"
#include "confdefs.h"
#include <sys/param.h>
#include <sys/types.h>
#include <sys/socket.h>
#include <sys/ucred.h>

#ifdef F77_DUMMY_MAIN
#  ifdef __cplusplus
     extern "C"
#  endif
   int F77_DUMMY_MAIN() { return 1; }
#endif
int
main ()
{
if ((struct cmsgcred *) 0)
  return 0;
if (sizeof (struct cmsgcred))
  return 0;
  ;
  return 0;
}
configure:10384: result: no
configure:10394: checking for struct fcred
configure:10425: gcc -c -O2 -fno-strict-aliasing -D_GNU_SOURCE  conftest.c >&5
configure:10403:23: fatal error: sys/ucred.h: No such file or directory
 #include <sys/types.h>
                       ^
compilation terminated.
configure:10428: $? = 1
configure: failed program was:
#line 10399 "configure"
#include "confdefs.h"
#include <sys/param.h>
#include <sys/types.h>
#include <sys/socket.h>
#include <sys/ucred.h>

#ifdef F77_DUMMY_MAIN
#  ifdef __cplusplus
     extern "C"
#  endif
   int F77_DUMMY_MAIN() { return 1; }
#endif
int
main ()
{
if ((struct fcred *) 0)
  return 0;
if (sizeof (struct fcred))
  return 0;
  ;
  return 0;
}
configure:10444: result: no
configure:10454: checking for struct sockcred
configure:10485: gcc -c -O2 -fno-strict-aliasing -D_GNU_SOURCE  conftest.c >&5
configure:10463:23: fatal error: sys/ucred.h: No such file or directory
 #include <sys/types.h>
                       ^
compilation terminated.
configure:10488: $? = 1
configure: failed program was:
#line 10459 "configure"
#include "confdefs.h"
#include <sys/param.h>
#include <sys/types.h>
#include <sys/socket.h>
#include <sys/ucred.h>

#ifdef F77_DUMMY_MAIN
#  ifdef __cplusplus
     extern "C"
#  endif
   int F77_DUMMY_MAIN() { return 1; }
#endif
int
main ()
{
if ((struct sockcred *) 0)
  return 0;
if (sizeof (struct sockcred))
  return 0;
  ;
  return 0;
}
configure:10504: result: no
configure:10516: checking for struct option
configure:10546: gcc -c -O2 -fno-strict-aliasing -D_GNU_SOURCE  conftest.c >&5
configure:10549: $? = 0
configure:10552: test -s conftest.o
configure:10555: $? = 0
configure:10565: result: yes
configure:10581: checking for z_streamp
configure:10609: gcc -c -O2 -fno-strict-aliasing -D_GNU_SOURCE  conftest.c >&5
configure:10612: $? = 0
configure:10615: test -s conftest.o
configure:10618: $? = 0
configure:10628: result: yes
configure:10889: checking for int timezone
configure:10914: gcc -o conftest -O2 -fno-strict-aliasing -D_GNU_SOURCE    conftest.c -lz -lreadline -lcrypt -lresolv -lnsl -ldl -lm  >&5
configure:10917: $? = 0
configure:10920: test -s conftest
configure:10923: $? = 0
configure:10933: result: yes
configure:10942: checking types of arguments for accept()
configure:10985: gcc -c -O2 -fno-strict-aliasing -D_GNU_SOURCE  conftest.c >&5
configure:10967:12: error: conflicting types for 'accept'
 #include <sys/socket.h>
            ^
In file included from configure:10965:0:
/usr/include/x86_64-linux-gnu/sys/socket.h:243:12: note: previous declaration of 'accept' was here
 extern int accept (int __fd, __SOCKADDR_ARG __addr,
            ^
configure:10988: $? = 1
configure: failed program was:
#line 10960 "configure"
#include "confdefs.h"
#ifdef HAVE_SYS_TYPES_H
#include <sys/types.h>
#endif
#ifdef HAVE_SYS_SOCKET_H
#include <sys/socket.h>
#endif
extern int accept (int, struct sockaddr *, int *);
#ifdef F77_DUMMY_MAIN
#  ifdef __cplusplus
     extern "C"
#  endif
   int F77_DUMMY_MAIN() { return 1; }
#endif
int
main ()
{

  ;
  return 0;
}
configure:10985: gcc -c -O2 -fno-strict-aliasing -D_GNU_SOURCE  conftest.c >&5
configure:10967:12: error: conflicting types for 'accept'
 #include <sys/socket.h>
            ^
In file included from configure:10965:0:
/usr/include/x86_64-linux-gnu/sys/socket.h:243:12: note: previous declaration of 'accept' was here
 extern int accept (int __fd, __SOCKADDR_ARG __addr,
            ^
configure:10988: $? = 1
configure: failed program was:
#line 10960 "configure"
#include "confdefs.h"
#ifdef HAVE_SYS_TYPES_H
#include <sys/types.h>
#endif
#ifdef HAVE_SYS_SOCKET_H
#include <sys/socket.h>
#endif
extern int accept (int, struct sockaddr *, size_t *);
#ifdef F77_DUMMY_MAIN
#  ifdef __cplusplus
     extern "C"
#  endif
   int F77_DUMMY_MAIN() { return 1; }
#endif
int
main ()
{

  ;
  return 0;
}
configure:10985: gcc -c -O2 -fno-strict-aliasing -D_GNU_SOURCE  conftest.c >&5
configure:10988: $? = 0
configure:10991: test -s conftest.o
configure:10994: $? = 0
configure:11023: result: int, int, struct sockaddr *, socklen_t *
configure:11046: checking whether gettimeofday takes only one argument
configure:11072: gcc -c -O2 -fno-strict-aliasing -D_GNU_SOURCE  conftest.c >&5
configure:11075: $? = 0
configure:11078: test -s conftest.o
configure:11081: $? = 0
configure:11091: result: no
configure:11104: checking for working memcmp
configure:11155: gcc -o conftest -O2 -fno-strict-aliasing -D_GNU_SOURCE    conftest.c -lz -lreadline -lcrypt -lresolv -lnsl -ldl -lm  >&5
configure: In function 'main':
configure:11127:5: warning: incompatible implicit declaration of built-in function 'exit' [enabled by default]
   char c0 = 0x40, c1 = 0x80, c2 = 0x81;
     ^
configure:11140:9: warning: incompatible implicit declaration of built-in function 'strcpy' [enabled by default]
         char *a = foo + i;
         ^
configure:11158: $? = 0
configure:11160: ./conftest
configure:11163: $? = 0
configure:11176: result: yes
configure:11200: checking for cbrt
configure:11243: gcc -o conftest -O2 -fno-strict-aliasing -D_GNU_SOURCE    conftest.c -lz -lreadline -lcrypt -lresolv -lnsl -ldl -lm  >&5
configure:11215:6: warning: conflicting types for built-in function 'cbrt' [enabled by default]
 /* We use char because int might match the return type of a gcc2
      ^
configure:11246: $? = 0
configure:11249: test -s conftest
configure:11252: $? = 0
configure:11262: result: yes
configure:11200: checking for dlopen
configure:11243: gcc -o conftest -O2 -fno-strict-aliasing -D_GNU_SOURCE    conftest.c -lz -lreadline -lcrypt -lresolv -lnsl -ldl -lm  >&5
configure:11246: $? = 0
configure:11249: test -s conftest
configure:11252: $? = 0
configure:11262: result: yes
configure:11200: checking for fcvt
configure:11243: gcc -o conftest -O2 -fno-strict-aliasing -D_GNU_SOURCE    conftest.c -lz -lreadline -lcrypt -lresolv -lnsl -ldl -lm  >&5
configure:11246: $? = 0
configure:11249: test -s conftest
configure:11252: $? = 0
configure:11262: result: yes
configure:11200: checking for fdatasync
configure:11243: gcc -o conftest -O2 -fno-strict-aliasing -D_GNU_SOURCE    conftest.c -lz -lreadline -lcrypt -lresolv -lnsl -ldl -lm  >&5
configure:11246: $? = 0
configure:11249: test -s conftest
configure:11252: $? = 0
configure:11262: result: yes
configure:11200: checking for getpeereid
configure:11243: gcc -o conftest -O2 -fno-strict-aliasing -D_GNU_SOURCE    conftest.c -lz -lreadline -lcrypt -lresolv -lnsl -ldl -lm  >&5
/tmp/cczZNi7r.o: In function `main':
conftest.c:(.text.startup+0x7): undefined reference to `getpeereid'
collect2: error: ld returned 1 exit status
configure:11246: $? = 1
configure: failed program was:
#line 11205 "configure"
#include "confdefs.h"
/* System header to define __stub macros and hopefully few prototypes,
    which can conflict with char getpeereid (); below.  */
#include <assert.h>
/* Override any gcc2 internal prototype to avoid an error.  */
#ifdef __cplusplus
extern "C"
#endif
/* We use char because int might match the return type of a gcc2
   builtin and then its argument prototype would still apply.  */
char getpeereid ();
char (*f) ();

#ifdef F77_DUMMY_MAIN
#  ifdef __cplusplus
     extern "C"
#  endif
   int F77_DUMMY_MAIN() { return 1; }
#endif
int
main ()
{
/* The GNU C library defines this for functions which it implements
    to always fail with ENOSYS.  Some functions are actually named
    something starting with __ and the normal name is an alias.  */
#if defined (__stub_getpeereid) || defined (__stub___getpeereid)
choke me
#else
f = getpeereid;
#endif

  ;
  return 0;
}
configure:11262: result: no
configure:11200: checking for memmove
configure:11243: gcc -o conftest -O2 -fno-strict-aliasing -D_GNU_SOURCE    conftest.c -lz -lreadline -lcrypt -lresolv -lnsl -ldl -lm  >&5
configure:11215:6: warning: conflicting types for built-in function 'memmove' [enabled by default]
 /* We use char because int might match the return type of a gcc2
      ^
configure:11246: $? = 0
configure:11249: test -s conftest
configure:11252: $? = 0
configure:11262: result: yes
configure:11200: checking for poll
configure:11243: gcc -o conftest -O2 -fno-strict-aliasing -D_GNU_SOURCE    conftest.c -lz -lreadline -lcrypt -lresolv -lnsl -ldl -lm  >&5
configure:11246: $? = 0
configure:11249: test -s conftest
configure:11252: $? = 0
configure:11262: result: yes
configure:11200: checking for pstat
configure:11243: gcc -o conftest -O2 -fno-strict-aliasing -D_GNU_SOURCE    conftest.c -lz -lreadline -lcrypt -lresolv -lnsl -ldl -lm  >&5
/tmp/ccSAvRMB.o: In function `main':
conftest.c:(.text.startup+0x7): undefined reference to `pstat'
collect2: error: ld returned 1 exit status
configure:11246: $? = 1
configure: failed program was:
#line 11205 "configure"
#include "confdefs.h"
/* System header to define __stub macros and hopefully few prototypes,
    which can conflict with char pstat (); below.  */
#include <assert.h>
/* Override any gcc2 internal prototype to avoid an error.  */
#ifdef __cplusplus
extern "C"
#endif
/* We use char because int might match the return type of a gcc2
   builtin and then its argument prototype would still apply.  */
char pstat ();
char (*f) ();

#ifdef F77_DUMMY_MAIN
#  ifdef __cplusplus
     extern "C"
#  endif
   int F77_DUMMY_MAIN() { return 1; }
#endif
int
main ()
{
/* The GNU C library defines this for functions which it implements
    to always fail with ENOSYS.  Some functions are actually named
    something starting with __ and the normal name is an alias.  */
#if defined (__stub_pstat) || defined (__stub___pstat)
choke me
#else
f = pstat;
#endif

  ;
  return 0;
}
configure:11262: result: no
configure:11200: checking for setproctitle
configure:11243: gcc -o conftest -O2 -fno-strict-aliasing -D_GNU_SOURCE    conftest.c -lz -lreadline -lcrypt -lresolv -lnsl -ldl -lm  >&5
/tmp/ccTUHXsE.o: In function `main':
conftest.c:(.text.startup+0x7): undefined reference to `setproctitle'
collect2: error: ld returned 1 exit status
configure:11246: $? = 1
configure: failed program was:
#line 11205 "configure"
#include "confdefs.h"
/* System header to define __stub macros and hopefully few prototypes,
    which can conflict with char setproctitle (); below.  */
#include <assert.h>
/* Override any gcc2 internal prototype to avoid an error.  */
#ifdef __cplusplus
extern "C"
#endif
/* We use char because int might match the return type of a gcc2
   builtin and then its argument prototype would still apply.  */
char setproctitle ();
char (*f) ();

#ifdef F77_DUMMY_MAIN
#  ifdef __cplusplus
     extern "C"
#  endif
   int F77_DUMMY_MAIN() { return 1; }
#endif
int
main ()
{
/* The GNU C library defines this for functions which it implements
    to always fail with ENOSYS.  Some functions are actually named
    something starting with __ and the normal name is an alias.  */
#if defined (__stub_setproctitle) || defined (__stub___setproctitle)
choke me
#else
f = setproctitle;
#endif

  ;
  return 0;
}
configure:11262: result: no
configure:11200: checking for setsid
configure:11243: gcc -o conftest -O2 -fno-strict-aliasing -D_GNU_SOURCE    conftest.c -lz -lreadline -lcrypt -lresolv -lnsl -ldl -lm  >&5
configure:11246: $? = 0
configure:11249: test -s conftest
configure:11252: $? = 0
configure:11262: result: yes
configure:11200: checking for sigprocmask
configure:11243: gcc -o conftest -O2 -fno-strict-aliasing -D_GNU_SOURCE    conftest.c -lz -lreadline -lcrypt -lresolv -lnsl -ldl -lm  >&5
configure:11246: $? = 0
configure:11249: test -s conftest
configure:11252: $? = 0
configure:11262: result: yes
configure:11200: checking for symlink
configure:11243: gcc -o conftest -O2 -fno-strict-aliasing -D_GNU_SOURCE    conftest.c -lz -lreadline -lcrypt -lresolv -lnsl -ldl -lm  >&5
configure:11246: $? = 0
configure:11249: test -s conftest
configure:11252: $? = 0
configure:11262: result: yes
configure:11200: checking for sysconf
configure:11243: gcc -o conftest -O2 -fno-strict-aliasing -D_GNU_SOURCE    conftest.c -lz -lreadline -lcrypt -lresolv -lnsl -ldl -lm  >&5
configure:11246: $? = 0
configure:11249: test -s conftest
configure:11252: $? = 0
configure:11262: result: yes
configure:11200: checking for utime
configure:11243: gcc -o conftest -O2 -fno-strict-aliasing -D_GNU_SOURCE    conftest.c -lz -lreadline -lcrypt -lresolv -lnsl -ldl -lm  >&5
configure:11246: $? = 0
configure:11249: test -s conftest
configure:11252: $? = 0
configure:11262: result: yes
configure:11200: checking for utimes
configure:11243: gcc -o conftest -O2 -fno-strict-aliasing -D_GNU_SOURCE    conftest.c -lz -lreadline -lcrypt -lresolv -lnsl -ldl -lm  >&5
configure:11246: $? = 0
configure:11249: test -s conftest
configure:11252: $? = 0
configure:11262: result: yes
configure:11200: checking for waitpid
configure:11243: gcc -o conftest -O2 -fno-strict-aliasing -D_GNU_SOURCE    conftest.c -lz -lreadline -lcrypt -lresolv -lnsl -ldl -lm  >&5
configure:11246: $? = 0
configure:11249: test -s conftest
configure:11252: $? = 0
configure:11262: result: yes
configure:11273: checking whether fdatasync is declared
configure:11301: gcc -c -O2 -fno-strict-aliasing -D_GNU_SOURCE  conftest.c >&5
configure:11304: $? = 0
configure:11307: test -s conftest.o
configure:11310: $? = 0
configure:11320: result: yes
configure:11340: checking for struct sockaddr_in6
configure:11369: gcc -c -O2 -fno-strict-aliasing -D_GNU_SOURCE  conftest.c >&5
configure:11372: $? = 0
configure:11375: test -s conftest.o
configure:11378: $? = 0
configure:11388: result: yes
configure:11391: checking for inet_ntop
configure:11434: gcc -o conftest -O2 -fno-strict-aliasing -D_GNU_SOURCE    conftest.c -lz -lreadline -lcrypt -lresolv -lnsl -ldl -lm  >&5
configure:11437: $? = 0
configure:11440: test -s conftest
configure:11443: $? = 0
configure:11453: result: yes
configure:11468: checking for PS_STRINGS
configure:11495: gcc -o conftest -O2 -fno-strict-aliasing -D_GNU_SOURCE    conftest.c -lz -lreadline -lcrypt -lresolv -lnsl -ldl -lm  >&5
configure:11474:29: fatal error: machine/vmparam.h: No such file or directory
 #line $LINENO "configure"
                             ^
compilation terminated.
configure:11498: $? = 1
configure: failed program was:
#line 11473 "configure"
#include "confdefs.h"
#include <machine/vmparam.h>
#include <sys/exec.h>

#ifdef F77_DUMMY_MAIN
#  ifdef __cplusplus
     extern "C"
#  endif
   int F77_DUMMY_MAIN() { return 1; }
#endif
int
main ()
{
PS_STRINGS->ps_nargvstr = 1;
PS_STRINGS->ps_argvstr = "foo";
  ;
  return 0;
}
configure:11514: result: no
configure:11535: checking for snprintf
configure:11578: gcc -o conftest -O2 -fno-strict-aliasing -D_GNU_SOURCE    conftest.c -lz -lreadline -lcrypt -lresolv -lnsl -ldl -lm  >&5
configure:11550:6: warning: conflicting types for built-in function 'snprintf' [enabled by default]
 /* We use char because int might match the return type of a gcc2
      ^
configure:11581: $? = 0
configure:11584: test -s conftest
configure:11587: $? = 0
configure:11597: result: yes
configure:11613: checking for vsnprintf
configure:11656: gcc -o conftest -O2 -fno-strict-aliasing -D_GNU_SOURCE    conftest.c -lz -lreadline -lcrypt -lresolv -lnsl -ldl -lm  >&5
configure:11628:6: warning: conflicting types for built-in function 'vsnprintf' [enabled by default]
 /* We use char because int might match the return type of a gcc2
      ^
configure:11659: $? = 0
configure:11662: test -s conftest
configure:11665: $? = 0
configure:11675: result: yes
configure:11694: checking whether snprintf is declared
configure:11721: gcc -c -O2 -fno-strict-aliasing -D_GNU_SOURCE  conftest.c >&5
configure:11724: $? = 0
configure:11727: test -s conftest.o
configure:11730: $? = 0
configure:11740: result: yes
configure:11756: checking whether vsnprintf is declared
configure:11783: gcc -c -O2 -fno-strict-aliasing -D_GNU_SOURCE  conftest.c >&5
configure:11786: $? = 0
configure:11789: test -s conftest.o
configure:11792: $? = 0
configure:11802: result: yes
configure:11822: checking for isinf
configure:11849: gcc -o conftest -O2 -fno-strict-aliasing -D_GNU_SOURCE    conftest.c -lz -lreadline -lcrypt -lresolv -lnsl -ldl -lm  >&5
configure:11852: $? = 0
configure:11855: test -s conftest
configure:11858: $? = 0
configure:11868: result: yes
configure:11978: checking for crypt
configure:12021: gcc -o conftest -O2 -fno-strict-aliasing -D_GNU_SOURCE    conftest.c -lz -lreadline -lcrypt -lresolv -lnsl -ldl -lm  >&5
configure:12024: $? = 0
configure:12027: test -s conftest
configure:12030: $? = 0
configure:12040: result: yes
configure:11978: checking for fseeko
configure:12021: gcc -o conftest -O2 -fno-strict-aliasing -D_GNU_SOURCE    conftest.c -lz -lreadline -lcrypt -lresolv -lnsl -ldl -lm  >&5
configure:12024: $? = 0
configure:12027: test -s conftest
configure:12030: $? = 0
configure:12040: result: yes
configure:11978: checking for getopt
configure:12021: gcc -o conftest -O2 -fno-strict-aliasing -D_GNU_SOURCE    conftest.c -lz -lreadline -lcrypt -lresolv -lnsl -ldl -lm  >&5
configure:12024: $? = 0
configure:12027: test -s conftest
configure:12030: $? = 0
configure:12040: result: yes
configure:11978: checking for getrusage
configure:12021: gcc -o conftest -O2 -fno-strict-aliasing -D_GNU_SOURCE    conftest.c -lz -lreadline -lcrypt -lresolv -lnsl -ldl -lm  >&5
configure:12024: $? = 0
configure:12027: test -s conftest
configure:12030: $? = 0
configure:12040: result: yes
configure:11978: checking for inet_aton
configure:12021: gcc -o conftest -O2 -fno-strict-aliasing -D_GNU_SOURCE    conftest.c -lz -lreadline -lcrypt -lresolv -lnsl -ldl -lm  >&5
configure:12024: $? = 0
configure:12027: test -s conftest
configure:12030: $? = 0
configure:12040: result: yes
configure:11978: checking for random
configure:12021: gcc -o conftest -O2 -fno-strict-aliasing -D_GNU_SOURCE    conftest.c -lz -lreadline -lcrypt -lresolv -lnsl -ldl -lm  >&5
configure:12024: $? = 0
configure:12027: test -s conftest
configure:12030: $? = 0
configure:12040: result: yes
configure:11978: checking for rint
configure:12021: gcc -o conftest -O2 -fno-strict-aliasing -D_GNU_SOURCE    conftest.c -lz -lreadline -lcrypt -lresolv -lnsl -ldl -lm  >&5
configure:11993:6: warning: conflicting types for built-in function 'rint' [enabled by default]
 /* We use char because int might match the return type of a gcc2
      ^
configure:12024: $? = 0
configure:12027: test -s conftest
configure:12030: $? = 0
configure:12040: result: yes
configure:11978: checking for srandom
configure:12021: gcc -o conftest -O2 -fno-strict-aliasing -D_GNU_SOURCE    conftest.c -lz -lreadline -lcrypt -lresolv -lnsl -ldl -lm  >&5
configure:12024: $? = 0
configure:12027: test -s conftest
configure:12030: $? = 0
configure:12040: result: yes
configure:11978: checking for strcasecmp
configure:12021: gcc -o conftest -O2 -fno-strict-aliasing -D_GNU_SOURCE    conftest.c -lz -lreadline -lcrypt -lresolv -lnsl -ldl -lm  >&5
configure:11993:6: warning: conflicting types for built-in function 'strcasecmp' [enabled by default]
 /* We use char because int might match the return type of a gcc2
      ^
configure:12024: $? = 0
configure:12027: test -s conftest
configure:12030: $? = 0
configure:12040: result: yes
configure:11978: checking for strdup
configure:12021: gcc -o conftest -O2 -fno-strict-aliasing -D_GNU_SOURCE    conftest.c -lz -lreadline -lcrypt -lresolv -lnsl -ldl -lm  >&5
configure:11993:6: warning: conflicting types for built-in function 'strdup' [enabled by default]
 /* We use char because int might match the return type of a gcc2
      ^
configure:12024: $? = 0
configure:12027: test -s conftest
configure:12030: $? = 0
configure:12040: result: yes
configure:11978: checking for strerror
configure:12021: gcc -o conftest -O2 -fno-strict-aliasing -D_GNU_SOURCE    conftest.c -lz -lreadline -lcrypt -lresolv -lnsl -ldl -lm  >&5
configure:12024: $? = 0
configure:12027: test -s conftest
configure:12030: $? = 0
configure:12040: result: yes
configure:11978: checking for strtol
configure:12021: gcc -o conftest -O2 -fno-strict-aliasing -D_GNU_SOURCE    conftest.c -lz -lreadline -lcrypt -lresolv -lnsl -ldl -lm  >&5
configure:12024: $? = 0
configure:12027: test -s conftest
configure:12030: $? = 0
configure:12040: result: yes
configure:11978: checking for strtoul
configure:12021: gcc -o conftest -O2 -fno-strict-aliasing -D_GNU_SOURCE    conftest.c -lz -lreadline -lcrypt -lresolv -lnsl -ldl -lm  >&5
configure:12024: $? = 0
configure:12027: test -s conftest
configure:12030: $? = 0
configure:12040: result: yes
configure:11978: checking for unsetenv
configure:12021: gcc -o conftest -O2 -fno-strict-aliasing -D_GNU_SOURCE    conftest.c -lz -lreadline -lcrypt -lresolv -lnsl -ldl -lm  >&5
configure:12024: $? = 0
configure:12027: test -s conftest
configure:12030: $? = 0
configure:12040: result: yes
configure:12061: checking for getaddrinfo
configure:12104: gcc -o conftest -O2 -fno-strict-aliasing -D_GNU_SOURCE    conftest.c -lz -lreadline -lcrypt -lresolv -lnsl -ldl -lm  >&5
configure:12107: $? = 0
configure:12110: test -s conftest
configure:12113: $? = 0
configure:12123: result: yes
configure:12146: checking for getopt_long
configure:12189: gcc -o conftest -O2 -fno-strict-aliasing -D_GNU_SOURCE    conftest.c -lz -lreadline -lcrypt -lresolv -lnsl -ldl -lm  >&5
configure:12192: $? = 0
configure:12195: test -s conftest
configure:12198: $? = 0
configure:12208: result: yes
configure:12245: checking for rl_completion_append_character
configure:12272: gcc -o conftest -O2 -fno-strict-aliasing -D_GNU_SOURCE    conftest.c -lz -lreadline -lcrypt -lresolv -lnsl -ldl -lm  >&5
configure:12275: $? = 0
configure:12278: test -s conftest
configure:12281: $? = 0
configure:12283: result: yes
configure:12302: checking for rl_completion_matches
configure:12345: gcc -o conftest -O2 -fno-strict-aliasing -D_GNU_SOURCE    conftest.c -lz -lreadline -lcrypt -lresolv -lnsl -ldl -lm  >&5
configure:12348: $? = 0
configure:12351: test -s conftest
configure:12354: $? = 0
configure:12364: result: yes
configure:12302: checking for rl_filename_completion_function
configure:12345: gcc -o conftest -O2 -fno-strict-aliasing -D_GNU_SOURCE    conftest.c -lz -lreadline -lcrypt -lresolv -lnsl -ldl -lm  >&5
configure:12348: $? = 0
configure:12351: test -s conftest
configure:12354: $? = 0
configure:12364: result: yes
configure:12378: checking for replace_history_entry
configure:12421: gcc -o conftest -O2 -fno-strict-aliasing -D_GNU_SOURCE    conftest.c -lz -lreadline -lcrypt -lresolv -lnsl -ldl -lm  >&5
configure:12424: $? = 0
configure:12427: test -s conftest
configure:12430: $? = 0
configure:12440: result: yes
configure:12453: checking for finite
configure:12477: gcc -o conftest -O2 -fno-strict-aliasing -D_GNU_SOURCE    conftest.c -lz -lreadline -lcrypt -lresolv -lnsl -ldl -lm  >&5
configure:12480: $? = 0
configure:12483: test -s conftest
configure:12486: $? = 0
configure:12493: result: yes
configure:12503: checking for sigsetjmp
configure:12524: gcc -o conftest -O2 -fno-strict-aliasing -D_GNU_SOURCE    conftest.c -lz -lreadline -lcrypt -lresolv -lnsl -ldl -lm  >&5
configure:12527: $? = 0
configure:12530: test -s conftest
configure:12533: $? = 0
configure:12540: result: yes
configure:12550: checking for syslog
configure:12593: gcc -o conftest -O2 -fno-strict-aliasing -D_GNU_SOURCE    conftest.c -lz -lreadline -lcrypt -lresolv -lnsl -ldl -lm  >&5
configure:12596: $? = 0
configure:12599: test -s conftest
configure:12602: $? = 0
configure:12612: result: yes
configure:12625: checking syslog.h usability
configure:12634: gcc -c -O2 -fno-strict-aliasing -D_GNU_SOURCE  conftest.c >&5
configure:12637: $? = 0
configure:12640: test -s conftest.o
configure:12643: $? = 0
configure:12652: result: yes
configure:12656: checking syslog.h presence
configure:12663: gcc -E -D_GNU_SOURCE  conftest.c
configure:12669: $? = 0
configure:12687: result: yes
configure:12705: checking for syslog.h
configure:12712: result: yes
configure:12728: checking for optreset
configure:12752: gcc -o conftest -O2 -fno-strict-aliasing -D_GNU_SOURCE    conftest.c -lz -lreadline -lcrypt -lresolv -lnsl -ldl -lm  >&5
/tmp/ccTiVFzU.o: In function `main':
conftest.c:(.text.startup+0x2): undefined reference to `optreset'
collect2: error: ld returned 1 exit status
configure:12755: $? = 1
configure: failed program was:
#line 12733 "configure"
#include "confdefs.h"
#include <unistd.h>
#ifdef F77_DUMMY_MAIN
#  ifdef __cplusplus
     extern "C"
#  endif
   int F77_DUMMY_MAIN() { return 1; }
#endif
int
main ()
{
extern int optreset; optreset = 1;
  ;
  return 0;
}
configure:12771: result: no
configure:12786: checking for strtoll
configure:12829: gcc -o conftest -O2 -fno-strict-aliasing -D_GNU_SOURCE    conftest.c -lz -lreadline -lcrypt -lresolv -lnsl -ldl -lm  >&5
configure:12832: $? = 0
configure:12835: test -s conftest
configure:12838: $? = 0
configure:12848: result: yes
configure:12863: checking for strtoull
configure:12906: gcc -o conftest -O2 -fno-strict-aliasing -D_GNU_SOURCE    conftest.c -lz -lreadline -lcrypt -lresolv -lnsl -ldl -lm  >&5
configure:12909: $? = 0
configure:12912: test -s conftest
configure:12915: $? = 0
configure:12925: result: yes
configure:12941: checking for atexit
configure:12984: gcc -o conftest -O2 -fno-strict-aliasing -D_GNU_SOURCE    conftest.c -lz -lreadline -lcrypt -lresolv -lnsl -ldl -lm  >&5
configure:12987: $? = 0
configure:12990: test -s conftest
configure:12993: $? = 0
configure:13003: result: yes
configure:13095: checking for _LARGEFILE_SOURCE value needed for large files
configure:13121: gcc -c -O2 -fno-strict-aliasing -D_GNU_SOURCE  conftest.c >&5
configure:13124: $? = 0
configure:13127: test -s conftest.o
configure:13130: $? = 0
configure:13178: result: no
configure:13192: checking for fseeko
configure:13235: result: yes
configure:13559: checking test program
configure:13571: gcc -o conftest -O2 -fno-strict-aliasing -D_GNU_SOURCE    conftest.c -lz -lreadline -lcrypt -lresolv -lnsl -ldl -lm  >&5
configure:13574: $? = 0
configure:13576: ./conftest
configure:13579: $? = 0
configure:13581: result: ok
configure:13605: checking whether long int is 64 bits
configure:13684: gcc -o conftest -O2 -fno-strict-aliasing -D_GNU_SOURCE    conftest.c -lz -lreadline -lcrypt -lresolv -lnsl -ldl -lm  >&5
configure: In function 'main':
configure:13678:3: warning: incompatible implicit declaration of built-in function 'exit' [enabled by default]
 }
   ^
configure:13687: $? = 0
configure:13689: ./conftest
configure:13692: $? = 0
configure:13705: result: yes
configure:13986: checking for unsigned long
configure:14013: gcc -c -O2 -fno-strict-aliasing -D_GNU_SOURCE  conftest.c >&5
configure:14016: $? = 0
configure:14019: test -s conftest.o
configure:14022: $? = 0
configure:14032: result: yes
configure:14035: checking size of unsigned long
configure:14313: gcc -o conftest -O2 -fno-strict-aliasing -D_GNU_SOURCE    conftest.c -lz -lreadline -lcrypt -lresolv -lnsl -ldl -lm  >&5
configure:14316: $? = 0
configure:14318: ./conftest
configure:14321: $? = 0
configure:14341: result: 8
configure:14351: checking for short
configure:14378: gcc -c -O2 -fno-strict-aliasing -D_GNU_SOURCE  conftest.c >&5
configure:14381: $? = 0
configure:14384: test -s conftest.o
configure:14387: $? = 0
configure:14397: result: yes
configure:14400: checking alignment of short
configure:14680: gcc -o conftest -O2 -fno-strict-aliasing -D_GNU_SOURCE    conftest.c -lz -lreadline -lcrypt -lresolv -lnsl -ldl -lm  >&5
configure:14683: $? = 0
configure:14685: ./conftest
configure:14688: $? = 0
configure:14708: result: 2
configure:14715: checking for int
configure:14742: gcc -c -O2 -fno-strict-aliasing -D_GNU_SOURCE  conftest.c >&5
configure:14745: $? = 0
configure:14748: test -s conftest.o
configure:14751: $? = 0
configure:14761: result: yes
configure:14764: checking alignment of int
configure:15044: gcc -o conftest -O2 -fno-strict-aliasing -D_GNU_SOURCE    conftest.c -lz -lreadline -lcrypt -lresolv -lnsl -ldl -lm  >&5
configure:15047: $? = 0
configure:15049: ./conftest
configure:15052: $? = 0
configure:15072: result: 4
configure:15079: checking for long
configure:15106: gcc -c -O2 -fno-strict-aliasing -D_GNU_SOURCE  conftest.c >&5
configure:15109: $? = 0
configure:15112: test -s conftest.o
configure:15115: $? = 0
configure:15125: result: yes
configure:15128: checking alignment of long
configure:15408: gcc -o conftest -O2 -fno-strict-aliasing -D_GNU_SOURCE    conftest.c -lz -lreadline -lcrypt -lresolv -lnsl -ldl -lm  >&5
configure:15411: $? = 0
configure:15413: ./conftest
configure:15416: $? = 0
configure:15436: result: 8
configure:15809: checking for double
configure:15836: gcc -c -O2 -fno-strict-aliasing -D_GNU_SOURCE  conftest.c >&5
configure:15839: $? = 0
configure:15842: test -s conftest.o
configure:15845: $? = 0
configure:15855: result: yes
configure:15858: checking alignment of double
configure:16138: gcc -o conftest -O2 -fno-strict-aliasing -D_GNU_SOURCE    conftest.c -lz -lreadline -lcrypt -lresolv -lnsl -ldl -lm  >&5
configure:16141: $? = 0
configure:16143: ./conftest
configure:16146: $? = 0
configure:16166: result: 8
configure:16194: checking for int8
configure:16225: gcc -c -O2 -fno-strict-aliasing -D_GNU_SOURCE  conftest.c >&5
configure: In function 'main':
configure:16214:6: error: 'int8' undeclared (first use in this function)
 main ()
      ^
configure:16214:6: note: each undeclared identifier is reported only once for each function it appears in
configure:16214:12: error: expected expression before ')' token
 main ()
            ^
configure:16228: $? = 1
configure: failed program was:
#line 16199 "configure"
#include "confdefs.h"
#include <stdio.h>
#ifdef HAVE_SUPPORTDEFS_H
#include <SupportDefs.h>
#endif

#ifdef F77_DUMMY_MAIN
#  ifdef __cplusplus
     extern "C"
#  endif
   int F77_DUMMY_MAIN() { return 1; }
#endif
int
main ()
{
if ((int8 *) 0)
  return 0;
if (sizeof (int8))
  return 0;
  ;
  return 0;
}
configure:16244: result: no
configure:16254: checking for uint8
configure:16285: gcc -c -O2 -fno-strict-aliasing -D_GNU_SOURCE  conftest.c >&5
configure: In function 'main':
configure:16274:6: error: 'uint8' undeclared (first use in this function)
 main ()
      ^
configure:16274:6: note: each undeclared identifier is reported only once for each function it appears in
configure:16274:13: error: expected expression before ')' token
 main ()
             ^
configure:16288: $? = 1
configure: failed program was:
#line 16259 "configure"
#include "confdefs.h"
#include <stdio.h>
#ifdef HAVE_SUPPORTDEFS_H
#include <SupportDefs.h>
#endif

#ifdef F77_DUMMY_MAIN
#  ifdef __cplusplus
     extern "C"
#  endif
   int F77_DUMMY_MAIN() { return 1; }
#endif
int
main ()
{
if ((uint8 *) 0)
  return 0;
if (sizeof (uint8))
  return 0;
  ;
  return 0;
}
configure:16304: result: no
configure:16314: checking for int64
configure:16345: gcc -c -O2 -fno-strict-aliasing -D_GNU_SOURCE  conftest.c >&5
configure: In function 'main':
configure:16334:6: error: 'int64' undeclared (first use in this function)
 main ()
      ^
configure:16334:6: note: each undeclared identifier is reported only once for each function it appears in
configure:16334:13: error: expected expression before ')' token
 main ()
             ^
configure:16348: $? = 1
configure: failed program was:
#line 16319 "configure"
#include "confdefs.h"
#include <stdio.h>
#ifdef HAVE_SUPPORTDEFS_H
#include <SupportDefs.h>
#endif

#ifdef F77_DUMMY_MAIN
#  ifdef __cplusplus
     extern "C"
#  endif
   int F77_DUMMY_MAIN() { return 1; }
#endif
int
main ()
{
if ((int64 *) 0)
  return 0;
if (sizeof (int64))
  return 0;
  ;
  return 0;
}
configure:16364: result: no
configure:16374: checking for uint64
configure:16405: gcc -c -O2 -fno-strict-aliasing -D_GNU_SOURCE  conftest.c >&5
configure: In function 'main':
configure:16394:6: error: 'uint64' undeclared (first use in this function)
 main ()
      ^
configure:16394:6: note: each undeclared identifier is reported only once for each function it appears in
configure:16394:14: error: expected expression before ')' token
 main ()
              ^
configure:16408: $? = 1
configure: failed program was:
#line 16379 "configure"
#include "confdefs.h"
#include <stdio.h>
#ifdef HAVE_SUPPORTDEFS_H
#include <SupportDefs.h>
#endif

#ifdef F77_DUMMY_MAIN
#  ifdef __cplusplus
     extern "C"
#  endif
   int F77_DUMMY_MAIN() { return 1; }
#endif
int
main ()
{
if ((uint64 *) 0)
  return 0;
if (sizeof (uint64))
  return 0;
  ;
  return 0;
}
configure:16424: result: no
configure:16438: checking for sig_atomic_t
configure:16466: gcc -c -O2 -fno-strict-aliasing -D_GNU_SOURCE  conftest.c >&5
configure:16469: $? = 0
configure:16472: test -s conftest.o
configure:16475: $? = 0
configure:16485: result: yes
configure:16498: checking for POSIX signal interface
configure:16526: gcc -o conftest -O2 -fno-strict-aliasing -D_GNU_SOURCE    conftest.c -lz -lreadline -lcrypt -lresolv -lnsl -ldl -lm  >&5
configure:16529: $? = 0
configure:16532: test -s conftest
configure:16535: $? = 0
configure:16545: result: yes
configure:16564: checking for special C compiler options needed for large files
configure:16644: result: no
configure:16650: checking for _FILE_OFFSET_BITS value needed for large files
configure:16684: gcc -c -O2 -fno-strict-aliasing -D_GNU_SOURCE  conftest.c >&5
configure:16687: $? = 0
configure:16690: test -s conftest.o
configure:16693: $? = 0
configure:16749: result: no
configure:16759: checking for _LARGE_FILES value needed for large files
configure:16793: gcc -c -O2 -fno-strict-aliasing -D_GNU_SOURCE  conftest.c >&5
configure:16796: $? = 0
configure:16799: test -s conftest.o
configure:16802: $? = 0
configure:16858: result: no
configure:17418: checking for onsgmls
configure:17447: result: no
configure:17418: checking for nsgmls
configure:17447: result: no
configure:17458: checking for openjade
configure:17487: result: no
configure:17458: checking for jade
configure:17487: result: no
configure:17495: checking for DocBook V3.1
configure:17524: result: no
configure:17530: checking for DocBook stylesheets
configure:17566: result: no
configure:17619: checking for collateindex.pl
configure:17652: result: no
configure:17664: checking for sgmlspl
configure:17693: result: no
configure:17813: creating ./config.status

## ---------------------- ##
## Running config.status. ##
## ---------------------- ##

This file was extended by PostgreSQL config.status 7.4.13, which was
generated by GNU Autoconf 2.53.  Invocation command line was

  CONFIG_FILES    = 
  CONFIG_HEADERS  = 
  CONFIG_LINKS    = 
  CONFIG_COMMANDS = 
  $ ./config.status 

on mehdimu1-EP45-DS3L

config.status:663: creating GNUmakefile
config.status:663: creating src/Makefile.global
config.status:766: creating src/include/pg_config.h
config.status:1190: linking ./src/backend/port/tas/dummy.s to src/backend/port/tas.s
config.status:1190: linking ./src/backend/port/dynloader/linux.c to src/backend/port/dynloader.c
config.status:1190: linking ./src/backend/port/sysv_sema.c to src/backend/port/pg_sema.c
config.status:1190: linking ./src/backend/port/sysv_shmem.c to src/backend/port/pg_shmem.c
config.status:1190: linking ./src/backend/port/dynloader/linux.h to src/include/dynloader.h
config.status:1190: linking ./src/include/port/linux.h to src/include/pg_config_os.h
config.status:1190: linking ./src/makefiles/Makefile.linux to src/Makefile.port

## ---------------- ##
## Cache variables. ##
## ---------------- ##

ac_cv_build=x86_64-unknown-linux-gnu
ac_cv_build_alias=x86_64-unknown-linux-gnu
ac_cv_c_compiler_gnu=yes
ac_cv_c_const=yes
ac_cv_c_inline=inline
ac_cv_c_stringize=yes
ac_cv_c_volatile=yes
ac_cv_env_CC_set=
ac_cv_env_CC_value=
ac_cv_env_CFLAGS_set=
ac_cv_env_CFLAGS_value=
ac_cv_env_CPPFLAGS_set=
ac_cv_env_CPPFLAGS_value=
ac_cv_env_CPP_set=
ac_cv_env_CPP_value=
ac_cv_env_DOCBOOKSTYLE_set=
ac_cv_env_DOCBOOKSTYLE_value=
ac_cv_env_LDFLAGS_set=
ac_cv_env_LDFLAGS_value=
ac_cv_env_build_alias_set=
ac_cv_env_build_alias_value=
ac_cv_env_host_alias_set=
ac_cv_env_host_alias_value=
ac_cv_env_target_alias_set=
ac_cv_env_target_alias_value=
ac_cv_exeext=
ac_cv_func_accept_arg1=int
ac_cv_func_accept_arg2='struct sockaddr *'
ac_cv_func_accept_arg3=socklen_t
ac_cv_func_accept_return=int
ac_cv_func_atexit=yes
ac_cv_func_cbrt=yes
ac_cv_func_crypt=yes
ac_cv_func_dlopen=yes
ac_cv_func_fcvt=yes
ac_cv_func_fdatasync=yes
ac_cv_func_fseeko=yes
ac_cv_func_getaddrinfo=yes
ac_cv_func_getopt=yes
ac_cv_func_getopt_long=yes
ac_cv_func_getpeereid=no
ac_cv_func_getrusage=yes
ac_cv_func_inet_aton=yes
ac_cv_func_inet_ntop=yes
ac_cv_func_isinf=yes
ac_cv_func_memcmp_working=yes
ac_cv_func_memmove=yes
ac_cv_func_poll=yes
ac_cv_func_pstat=no
ac_cv_func_random=yes
ac_cv_func_replace_history_entry=yes
ac_cv_func_rint=yes
ac_cv_func_rl_completion_matches=yes
ac_cv_func_rl_filename_completion_function=yes
ac_cv_func_setproctitle=no
ac_cv_func_setsid=yes
ac_cv_func_sigprocmask=yes
ac_cv_func_snprintf=yes
ac_cv_func_srandom=yes
ac_cv_func_strcasecmp=yes
ac_cv_func_strdup=yes
ac_cv_func_strerror=yes
ac_cv_func_strtol=yes
ac_cv_func_strtoll=yes
ac_cv_func_strtoul=yes
ac_cv_func_strtoull=yes
ac_cv_func_symlink=yes
ac_cv_func_sysconf=yes
ac_cv_func_syslog=yes
ac_cv_func_unsetenv=yes
ac_cv_func_utime=yes
ac_cv_func_utimes=yes
ac_cv_func_vsnprintf=yes
ac_cv_func_waitpid=yes
ac_cv_have_decl_fdatasync=yes
ac_cv_have_decl_snprintf=yes
ac_cv_have_decl_vsnprintf=yes
ac_cv_header_SupportDefs_h=no
ac_cv_header_crypt_h=yes
ac_cv_header_dld_h=no
ac_cv_header_endian_h=yes
ac_cv_header_fp_class_h=no
ac_cv_header_getopt_h=yes
ac_cv_header_ieeefp_h=no
ac_cv_header_inttypes_h=yes
ac_cv_header_kernel_OS_h=no
ac_cv_header_kernel_image_h=no
ac_cv_header_memory_h=yes
ac_cv_header_netinet_in_h=yes
ac_cv_header_netinet_tcp_h=yes
ac_cv_header_poll_h=yes
ac_cv_header_pwd_h=yes
ac_cv_header_readline_history_h=yes
ac_cv_header_readline_readline_h=yes
ac_cv_header_stdc=yes
ac_cv_header_stdint_h=yes
ac_cv_header_stdlib_h=yes
ac_cv_header_string_h=yes
ac_cv_header_strings_h=yes
ac_cv_header_sys_ipc_h=yes
ac_cv_header_sys_poll_h=yes
ac_cv_header_sys_pstat_h=no
ac_cv_header_sys_select_h=yes
ac_cv_header_sys_sem_h=yes
ac_cv_header_sys_shm_h=yes
ac_cv_header_sys_socket_h=yes
ac_cv_header_sys_stat_h=yes
ac_cv_header_sys_types_h=yes
ac_cv_header_sys_un_h=yes
ac_cv_header_syslog_h=yes
ac_cv_header_termios_h=yes
ac_cv_header_unistd_h=yes
ac_cv_header_utime_h=yes
ac_cv_header_zlib_h=yes
ac_cv_host=x86_64-unknown-linux-gnu
ac_cv_host_alias=x86_64-unknown-linux-gnu
ac_cv_lib_BSD_main=no
ac_cv_lib_IPC_main=no
ac_cv_lib_PW_main=no
ac_cv_lib_bsd_main=no
ac_cv_lib_compat_main=no
ac_cv_lib_cygipc_shmget=no
ac_cv_lib_dl_main=yes
ac_cv_lib_dld_main=no
ac_cv_lib_gen_main=no
ac_cv_lib_ipc_main=no
ac_cv_lib_lc_main=no
ac_cv_lib_ld_main=no
ac_cv_lib_m_main=yes
ac_cv_lib_nsl_main=yes
ac_cv_lib_resolv_main=yes
ac_cv_lib_socket_main=no
ac_cv_lib_unix_main=no
ac_cv_lib_util_setproctitle=no
ac_cv_lib_z_inflate=yes
ac_cv_member_struct_sockaddr_sa_len=no
ac_cv_member_struct_sockaddr_storage___ss_family=no
ac_cv_member_struct_sockaddr_storage___ss_len=no
ac_cv_member_struct_sockaddr_storage_ss_family=yes
ac_cv_member_struct_sockaddr_storage_ss_len=no
ac_cv_member_struct_tm_tm_zone=yes
ac_cv_objext=o
ac_cv_path_LD=/usr/bin/ld
ac_cv_path_PERL=/usr/bin/perl
ac_cv_path_TAR=/bin/tar
ac_cv_prog_AWK=mawk
ac_cv_prog_CPP='gcc -E'
ac_cv_prog_LORDER=lorder
ac_cv_prog_ac_ct_CC=gcc
ac_cv_prog_ac_ct_RANLIB=ranlib
ac_cv_prog_ac_ct_STRIP=strip
ac_cv_prog_cc_g=yes
ac_cv_prog_gnu_ld=yes
ac_cv_search_crypt=-lcrypt
ac_cv_search_fdatasync='none required'
ac_cv_search_getopt_long='none required'
ac_cv_sizeof_unsigned_long=8
ac_cv_struct_tm=time.h
ac_cv_sys_file_offset_bits=no
ac_cv_sys_large_files=no
ac_cv_sys_largefile_CC=no
ac_cv_sys_largefile_source=no
ac_cv_type_double=yes
ac_cv_type_int=yes
ac_cv_type_int64=no
ac_cv_type_int8=no
ac_cv_type_long=yes
ac_cv_type_short=yes
ac_cv_type_sig_atomic_t=yes
ac_cv_type_struct_addrinfo=yes
ac_cv_type_struct_cmsgcred=no
ac_cv_type_struct_fcred=no
ac_cv_type_struct_option=yes
ac_cv_type_struct_sockaddr_in6=yes
ac_cv_type_struct_sockaddr_storage=yes
ac_cv_type_struct_sockaddr_un=yes
ac_cv_type_struct_sockcred=no
ac_cv_type_uint64=no
ac_cv_type_uint8=no
ac_cv_type_union_semun=no
ac_cv_type_unsigned_long=yes
ac_cv_type_z_streamp=yes
ac_cv_var_tzname=yes
pgac_cv_alignof_double=8
pgac_cv_alignof_int=4
pgac_cv_alignof_long=8
pgac_cv_alignof_short=2
pgac_cv_c_signed=yes
pgac_cv_check_docbook=no
pgac_cv_check_readline=-lreadline
pgac_cv_func_gettimeofday_1arg=no
pgac_cv_func_posix_signals=yes
pgac_cv_funcname_func_support=yes
pgac_cv_path_flex=no
pgac_cv_prog_cc_no_strict_aliasing=-fno-strict-aliasing
pgac_cv_type_long_int_64=yes
pgac_cv_var_PS_STRINGS=no
pgac_cv_var_int_optreset=no
pgac_cv_var_int_timezone=yes

## ----------- ##
## confdefs.h. ##
## ----------- ##

#define PACKAGE_NAME "PostgreSQL"
#define PACKAGE_TARNAME "postgresql"
#define PACKAGE_VERSION "7.4.13"
#define PACKAGE_STRING "PostgreSQL 7.4.13"
#define PACKAGE_BUGREPORT "pgsql-bugs@postgresql.org"
#define PG_VERSION "7.4.13"
#define DEF_PGPORT 5432
#define DEF_PGPORT_STR "5432"
#define PG_VERSION_STR "PostgreSQL 7.4.13 on x86_64-unknown-linux-gnu, compiled by GCC gcc (Ubuntu 4.8.4-2ubuntu1~14.04) 4.8.4"
#define PG_KRB_SRVNAM "postgres"
#define HAVE_LIBM 1
#define HAVE_LIBDL 1
#define HAVE_LIBNSL 1
#define HAVE_LIBRESOLV 1
#define HAVE_LIBREADLINE 1
#define HAVE_LIBZ 1
#define HAVE_SPINLOCKS 1
#define STDC_HEADERS 1
#define HAVE_SYS_TYPES_H 1
#define HAVE_SYS_STAT_H 1
#define HAVE_STDLIB_H 1
#define HAVE_STRING_H 1
#define HAVE_MEMORY_H 1
#define HAVE_STRINGS_H 1
#define HAVE_INTTYPES_H 1
#define HAVE_STDINT_H 1
#define HAVE_UNISTD_H 1
#define HAVE_CRYPT_H 1
#define HAVE_ENDIAN_H 1
#define HAVE_GETOPT_H 1
#define HAVE_POLL_H 1
#define HAVE_PWD_H 1
#define HAVE_SYS_IPC_H 1
#define HAVE_SYS_POLL_H 1
#define HAVE_SYS_SELECT_H 1
#define HAVE_SYS_SEM_H 1
#define HAVE_SYS_SOCKET_H 1
#define HAVE_SYS_SHM_H 1
#define HAVE_SYS_UN_H 1
#define HAVE_TERMIOS_H 1
#define HAVE_UTIME_H 1
#define HAVE_NETINET_IN_H 1
#define HAVE_NETINET_TCP_H 1
#define HAVE_READLINE_READLINE_H 1
#define HAVE_READLINE_HISTORY_H 1
#define HAVE_STRINGIZE 1
#define HAVE_FUNCNAME__FUNC 1
#define HAVE_STRUCT_TM_TM_ZONE 1
#define HAVE_TM_ZONE 1
#define HAVE_TZNAME 1
#define HAVE_STRUCT_SOCKADDR_UN 1
#define HAVE_UNIX_SOCKETS 1
#define HAVE_STRUCT_SOCKADDR_STORAGE 1
#define HAVE_STRUCT_SOCKADDR_STORAGE_SS_FAMILY 1
#define HAVE_STRUCT_ADDRINFO 1
#define HAVE_STRUCT_OPTION 1
#define HAVE_INT_TIMEZONE
#define ACCEPT_TYPE_RETURN int
#define ACCEPT_TYPE_ARG1 int
#define ACCEPT_TYPE_ARG2 struct sockaddr *
#define ACCEPT_TYPE_ARG3 socklen_t
#define HAVE_CBRT 1
#define HAVE_DLOPEN 1
#define HAVE_FCVT 1
#define HAVE_FDATASYNC 1
#define HAVE_MEMMOVE 1
#define HAVE_POLL 1
#define HAVE_SETSID 1
#define HAVE_SIGPROCMASK 1
#define HAVE_SYMLINK 1
#define HAVE_SYSCONF 1
#define HAVE_UTIME 1
#define HAVE_UTIMES 1
#define HAVE_WAITPID 1
#define HAVE_DECL_FDATASYNC 1
#define HAVE_IPV6 1
#define HAVE_SNPRINTF 1
#define HAVE_VSNPRINTF 1
#define HAVE_DECL_SNPRINTF 1
#define HAVE_DECL_VSNPRINTF 1
#define HAVE_ISINF 1
#define HAVE_CRYPT 1
#define HAVE_FSEEKO 1
#define HAVE_GETOPT 1
#define HAVE_GETRUSAGE 1
#define HAVE_INET_ATON 1
#define HAVE_RANDOM 1
#define HAVE_RINT 1
#define HAVE_SRANDOM 1
#define HAVE_STRCASECMP 1
#define HAVE_STRDUP 1
#define HAVE_STRERROR 1
#define HAVE_STRTOL 1
#define HAVE_STRTOUL 1
#define HAVE_UNSETENV 1
#define HAVE_GETADDRINFO 1
#define HAVE_GETOPT_LONG 1
#define HAVE_RL_COMPLETION_APPEND_CHARACTER 1
#define HAVE_RL_COMPLETION_MATCHES 1
#define HAVE_RL_FILENAME_COMPLETION_FUNCTION 1
#define HAVE_REPLACE_HISTORY_ENTRY 1
#define HAVE_FINITE 1
#define HAVE_SIGSETJMP 1
#define HAVE_SYSLOG 1
#define HAVE_STRTOLL 1
#define HAVE_STRTOULL 1
#define HAVE_ATEXIT 1
#define HAVE_FSEEKO 1
#define HAVE_LONG_INT_64
#define INT64_FORMAT "%ld"
#define SIZEOF_UNSIGNED_LONG 8
#define ALIGNOF_SHORT 2
#define ALIGNOF_INT 4
#define ALIGNOF_LONG 8
#define ALIGNOF_DOUBLE 8
#define MAXIMUM_ALIGNOF 8
#define HAVE_SIG_ATOMIC_T 1
#define HAVE_POSIX_SIGNALS
#define USE_SYSV_SEMAPHORES 1
#define USE_SYSV_SHARED_MEMORY 1

configure: exit 0
